{"/Users/iriss/Desktop/310/project_team122/src/controller/IInsightFacade.ts":{"path":"/Users/iriss/Desktop/310/project_team122/src/controller/IInsightFacade.ts","statementMap":{"0":{"start":{"line":2,"column":0},"end":{"line":2,"column":62}},"1":{"start":{"line":3,"column":0},"end":{"line":3,"column":113}},"2":{"start":{"line":5,"column":0},"end":{"line":8,"column":89}},"3":{"start":{"line":6,"column":4},"end":{"line":6,"column":48}},"4":{"start":{"line":7,"column":4},"end":{"line":7,"column":42}},"5":{"start":{"line":11,"column":8},"end":{"line":11,"column":23}},"6":{"start":{"line":12,"column":8},"end":{"line":12,"column":52}},"7":{"start":{"line":15,"column":0},"end":{"line":15,"column":36}},"8":{"start":{"line":18,"column":8},"end":{"line":18,"column":23}},"9":{"start":{"line":19,"column":8},"end":{"line":19,"column":53}},"10":{"start":{"line":22,"column":0},"end":{"line":22,"column":38}},"11":{"start":{"line":25,"column":8},"end":{"line":25,"column":23}},"12":{"start":{"line":26,"column":8},"end":{"line":26,"column":59}},"13":{"start":{"line":29,"column":0},"end":{"line":29,"column":50}}},"fnMap":{"0":{"name":"(anonymous_0)","decl":{"start":{"line":5,"column":1},"end":{"line":5,"column":2}},"loc":{"start":{"line":5,"column":31},"end":{"line":8,"column":1}},"line":5},"1":{"name":"(anonymous_1)","decl":{"start":{"line":10,"column":4},"end":{"line":10,"column":5}},"loc":{"start":{"line":10,"column":25},"end":{"line":13,"column":5}},"line":10},"2":{"name":"(anonymous_2)","decl":{"start":{"line":17,"column":4},"end":{"line":17,"column":5}},"loc":{"start":{"line":17,"column":25},"end":{"line":20,"column":5}},"line":17},"3":{"name":"(anonymous_3)","decl":{"start":{"line":24,"column":4},"end":{"line":24,"column":5}},"loc":{"start":{"line":24,"column":25},"end":{"line":27,"column":5}},"line":24}},"branchMap":{"0":{"loc":{"start":{"line":8,"column":24},"end":{"line":8,"column":87}},"type":"binary-expr","locations":[{"start":{"line":8,"column":24},"end":{"line":8,"column":50}},{"start":{"line":8,"column":55},"end":{"line":8,"column":86}}],"line":8}},"s":{"0":1,"1":1,"2":1,"3":1,"4":1,"5":15,"6":15,"7":1,"8":0,"9":0,"10":1,"11":0,"12":0,"13":1},"f":{"0":1,"1":15,"2":0,"3":0},"b":{"0":[1,1]},"inputSourceMap":{"version":3,"file":"/Users/iriss/Desktop/310/project_team122/src/controller/IInsightFacade.ts","sources":["/Users/iriss/Desktop/310/project_team122/src/controller/IInsightFacade.ts"],"names":[],"mappings":";;;AAMA,IAAY,kBAGX;AAHD,WAAY,kBAAkB;IAC7B,2CAAqB,CAAA;IACrB,qCAAe,CAAA;AAChB,CAAC,EAHW,kBAAkB,GAAlB,0BAAkB,KAAlB,0BAAkB,QAG7B;AAYD,MAAa,YAAa,SAAQ,KAAK;IACtC,YAAY,OAAgB;QAC3B,KAAK,CAAC,OAAO,CAAC,CAAC;QACf,KAAK,CAAC,iBAAiB,CAAC,IAAI,EAAE,YAAY,CAAC,CAAC;IAC7C,CAAC;CACD;AALD,oCAKC;AAED,MAAa,aAAc,SAAQ,KAAK;IACvC,YAAY,OAAgB;QAC3B,KAAK,CAAC,OAAO,CAAC,CAAC;QACf,KAAK,CAAC,iBAAiB,CAAC,IAAI,EAAE,aAAa,CAAC,CAAC;IAC9C,CAAC;CACD;AALD,sCAKC;AAED,MAAa,mBAAoB,SAAQ,KAAK;IAC7C,YAAY,OAAgB;QAC3B,KAAK,CAAC,OAAO,CAAC,CAAC;QACf,KAAK,CAAC,iBAAiB,CAAC,IAAI,EAAE,mBAAmB,CAAC,CAAC;IACpD,CAAC;CACD;AALD,kDAKC","sourcesContent":["/*\n * This is the primary high-level API for the project. In this folder there should be:\n * A class called InsightFacade, this should be in a file called InsightFacade.ts.\n * You should not change this interface at all or the test suite will not work.\n */\n\nexport enum InsightDatasetKind {\n\tSections = \"sections\",\n\tRooms = \"rooms\",\n}\n\nexport interface InsightDataset {\n\tid: string;\n\tkind: InsightDatasetKind;\n\tnumRows: number;\n}\n\nexport interface InsightResult {\n\t[key: string]: string | number;\n}\n\nexport class InsightError extends Error {\n\tconstructor(message?: string) {\n\t\tsuper(message);\n\t\tError.captureStackTrace(this, InsightError);\n\t}\n}\n\nexport class NotFoundError extends Error {\n\tconstructor(message?: string) {\n\t\tsuper(message);\n\t\tError.captureStackTrace(this, NotFoundError);\n\t}\n}\n\nexport class ResultTooLargeError extends Error {\n\tconstructor(message?: string) {\n\t\tsuper(message);\n\t\tError.captureStackTrace(this, ResultTooLargeError);\n\t}\n}\n\nexport interface IInsightFacade {\n\t/**\n\t * Add a dataset to insightUBC.\n\t *\n\t * @param id  The id of the dataset being added. Follows the format /^[^_]+$/\n\t * @param content  The base64 content of the dataset. This content should be in the form of a serialized zip file.\n\t * @param kind  The kind of the dataset\n\t *\n\t * @return Promise <string[]>\n\t *\n\t * The promise should fulfill on a successful add, reject for any failures.\n\t * The promise should fulfill with a string array,\n\t * containing the ids of all currently added datasets upon a successful add.\n\t * The promise should reject with an InsightError describing the error.\n\t *\n\t * An id is invalid if it contains an underscore, or is only whitespace characters.\n\t * If id is the same as the id of an already added dataset, the dataset should be rejected and not saved.\n\t *\n\t * After receiving the dataset, it should be processed into a data structure of\n\t * your design. The processed data structure should be persisted to disk; your\n\t * system should be able to load this persisted value into memory for answering\n\t * queries.\n\t *\n\t * Ultimately, a dataset must be added or loaded from disk before queries can\n\t * be successfully answered.\n\t */\n\taddDataset(id: string, content: string, kind: InsightDatasetKind): Promise<string[]>;\n\n\t/**\n\t * Remove a dataset from insightUBC.\n\t *\n\t * @param id  The id of the dataset to remove. Follows the format /^[^_]+$/\n\t *\n\t * @return Promise <string>\n\t *\n\t * The promise should fulfill upon a successful removal, reject on any error.\n\t * Attempting to remove a dataset that hasn't been added yet counts as an error.\n\t *\n\t * An id is invalid if it contains an underscore, or is only whitespace characters.\n\t *\n\t * The promise should fulfill the id of the dataset that was removed.\n\t * The promise should reject with a NotFoundError (if a valid id was not yet added)\n\t * or an InsightError (invalid id or any other source of failure) describing the error.\n\t *\n\t * This will delete both disk and memory caches for the dataset for the id meaning\n\t * that subsequent queries for that id should fail unless a new addDataset happens first.\n\t */\n\tremoveDataset(id: string): Promise<string>;\n\n\t/**\n\t * Perform a query on insightUBC.\n\t *\n\t * @param query  The query to be performed.\n\t *\n\t * If a query is incorrectly formatted, references a dataset not added (in memory or on disk),\n\t * or references multiple datasets, it should be rejected.\n\t *\n\t * @return Promise <InsightResult[]>\n\t *\n\t * The promise should fulfill with an array of results.\n\t * The promise should reject with a ResultTooLargeError (if the query returns too many results)\n\t * or an InsightError (for any other source of failure) describing the error.\n\t */\n\tperformQuery(query: unknown): Promise<InsightResult[]>;\n\n\t/**\n\t * List all currently added datasets, their types, and number of rows.\n\t *\n\t * @return Promise <InsightDataset[]>\n\t * The promise should fulfill an array of currently added InsightDatasets, and will only fulfill.\n\t */\n\tlistDatasets(): Promise<InsightDataset[]>;\n}\n"]},"_coverageSchema":"1a1c01bbd47fc00a2c39e90264f33305004495a9","hash":"56ddc4493fd292d0c01e51d192d634071844c30f","contentHash":"ccdf4d93f4c10055e8a2285b526f619a3c80561b0939f489f413ee0a47ba9666"},"/Users/iriss/Desktop/310/project_team122/src/controller/InsightFacade.ts":{"path":"/Users/iriss/Desktop/310/project_team122/src/controller/InsightFacade.ts","statementMap":{"0":{"start":{"line":2,"column":22},"end":{"line":12,"column":3}},"1":{"start":{"line":3,"column":4},"end":{"line":3,"column":33}},"2":{"start":{"line":3,"column":26},"end":{"line":3,"column":33}},"3":{"start":{"line":4,"column":15},"end":{"line":4,"column":52}},"4":{"start":{"line":5,"column":4},"end":{"line":7,"column":5}},"5":{"start":{"line":6,"column":6},"end":{"line":6,"column":68}},"6":{"start":{"line":6,"column":51},"end":{"line":6,"column":63}},"7":{"start":{"line":8,"column":4},"end":{"line":8,"column":39}},"8":{"start":{"line":10,"column":4},"end":{"line":10,"column":33}},"9":{"start":{"line":10,"column":26},"end":{"line":10,"column":33}},"10":{"start":{"line":11,"column":4},"end":{"line":11,"column":17}},"11":{"start":{"line":13,"column":25},"end":{"line":17,"column":2}},"12":{"start":{"line":14,"column":4},"end":{"line":14,"column":72}},"13":{"start":{"line":16,"column":4},"end":{"line":16,"column":21}},"14":{"start":{"line":18,"column":19},"end":{"line":24,"column":1}},"15":{"start":{"line":19,"column":4},"end":{"line":19,"column":42}},"16":{"start":{"line":19,"column":31},"end":{"line":19,"column":42}},"17":{"start":{"line":20,"column":17},"end":{"line":20,"column":19}},"18":{"start":{"line":21,"column":4},"end":{"line":21,"column":141}},"19":{"start":{"line":21,"column":21},"end":{"line":21,"column":141}},"20":{"start":{"line":21,"column":40},"end":{"line":21,"column":141}},"21":{"start":{"line":21,"column":109},"end":{"line":21,"column":141}},"22":{"start":{"line":22,"column":4},"end":{"line":22,"column":36}},"23":{"start":{"line":23,"column":4},"end":{"line":23,"column":18}},"24":{"start":{"line":25,"column":0},"end":{"line":25,"column":62}},"25":{"start":{"line":26,"column":25},"end":{"line":26,"column":52}},"26":{"start":{"line":27,"column":23},"end":{"line":27,"column":48}},"27":{"start":{"line":28,"column":24},"end":{"line":28,"column":50}},"28":{"start":{"line":29,"column":11},"end":{"line":29,"column":44}},"29":{"start":{"line":30,"column":21},"end":{"line":30,"column":44}},"30":{"start":{"line":31,"column":22},"end":{"line":31,"column":46}},"31":{"start":{"line":32,"column":20},"end":{"line":32,"column":42}},"32":{"start":{"line":33,"column":18},"end":{"line":33,"column":38}},"33":{"start":{"line":38,"column":8},"end":{"line":38,"column":43}},"34":{"start":{"line":39,"column":8},"end":{"line":39,"column":31}},"35":{"start":{"line":40,"column":8},"end":{"line":40,"column":76}},"36":{"start":{"line":43,"column":8},"end":{"line":63,"column":11}},"37":{"start":{"line":44,"column":12},"end":{"line":46,"column":13}},"38":{"start":{"line":45,"column":16},"end":{"line":45,"column":88}},"39":{"start":{"line":47,"column":12},"end":{"line":62,"column":13}},"40":{"start":{"line":48,"column":30},"end":{"line":48,"column":61}},"41":{"start":{"line":49,"column":16},"end":{"line":53,"column":19}},"42":{"start":{"line":50,"column":20},"end":{"line":50,"column":38}},"43":{"start":{"line":52,"column":20},"end":{"line":52,"column":37}},"44":{"start":{"line":56,"column":28},"end":{"line":56,"column":55}},"45":{"start":{"line":57,"column":16},"end":{"line":61,"column":19}},"46":{"start":{"line":58,"column":20},"end":{"line":58,"column":38}},"47":{"start":{"line":60,"column":20},"end":{"line":60,"column":37}},"48":{"start":{"line":66,"column":8},"end":{"line":80,"column":11}},"49":{"start":{"line":67,"column":12},"end":{"line":69,"column":13}},"50":{"start":{"line":68,"column":16},"end":{"line":68,"column":88}},"51":{"start":{"line":70,"column":12},"end":{"line":72,"column":13}},"52":{"start":{"line":71,"column":16},"end":{"line":71,"column":91}},"53":{"start":{"line":73,"column":12},"end":{"line":73,"column":52}},"54":{"start":{"line":74,"column":12},"end":{"line":74,"column":46}},"55":{"start":{"line":75,"column":26},"end":{"line":75,"column":58}},"56":{"start":{"line":76,"column":12},"end":{"line":78,"column":13}},"57":{"start":{"line":77,"column":16},"end":{"line":77,"column":51}},"58":{"start":{"line":79,"column":12},"end":{"line":79,"column":31}},"59":{"start":{"line":83,"column":8},"end":{"line":100,"column":11}},"60":{"start":{"line":85,"column":12},"end":{"line":85,"column":67}},"61":{"start":{"line":86,"column":23},"end":{"line":86,"column":26}},"62":{"start":{"line":88,"column":12},"end":{"line":99,"column":15}},"63":{"start":{"line":91,"column":16},"end":{"line":91,"column":115}},"64":{"start":{"line":92,"column":16},"end":{"line":92,"column":44}},"65":{"start":{"line":95,"column":16},"end":{"line":95,"column":81}},"66":{"start":{"line":98,"column":16},"end":{"line":98,"column":35}},"67":{"start":{"line":103,"column":18},"end":{"line":103,"column":20}},"68":{"start":{"line":104,"column":21},"end":{"line":104,"column":63}},"69":{"start":{"line":105,"column":8},"end":{"line":105,"column":56}},"70":{"start":{"line":108,"column":19},"end":{"line":108,"column":40}},"71":{"start":{"line":109,"column":8},"end":{"line":112,"column":9}},"72":{"start":{"line":110,"column":22},"end":{"line":110,"column":56}},"73":{"start":{"line":111,"column":12},"end":{"line":111,"column":26}},"74":{"start":{"line":113,"column":8},"end":{"line":113,"column":19}},"75":{"start":{"line":116,"column":18},"end":{"line":116,"column":37}},"76":{"start":{"line":117,"column":8},"end":{"line":148,"column":9}},"77":{"start":{"line":118,"column":12},"end":{"line":147,"column":13}},"78":{"start":{"line":119,"column":16},"end":{"line":119,"column":36}},"79":{"start":{"line":121,"column":17},"end":{"line":147,"column":13}},"80":{"start":{"line":122,"column":16},"end":{"line":122,"column":36}},"81":{"start":{"line":124,"column":17},"end":{"line":147,"column":13}},"82":{"start":{"line":125,"column":16},"end":{"line":125,"column":36}},"83":{"start":{"line":127,"column":17},"end":{"line":147,"column":13}},"84":{"start":{"line":128,"column":16},"end":{"line":128,"column":34}},"85":{"start":{"line":130,"column":17},"end":{"line":147,"column":13}},"86":{"start":{"line":131,"column":16},"end":{"line":131,"column":37}},"87":{"start":{"line":133,"column":17},"end":{"line":147,"column":13}},"88":{"start":{"line":134,"column":16},"end":{"line":134,"column":42}},"89":{"start":{"line":136,"column":17},"end":{"line":147,"column":13}},"90":{"start":{"line":137,"column":16},"end":{"line":137,"column":49}},"91":{"start":{"line":139,"column":17},"end":{"line":147,"column":13}},"92":{"start":{"line":140,"column":16},"end":{"line":140,"column":36}},"93":{"start":{"line":142,"column":17},"end":{"line":147,"column":13}},"94":{"start":{"line":143,"column":16},"end":{"line":143,"column":36}},"95":{"start":{"line":146,"column":16},"end":{"line":146,"column":37}},"96":{"start":{"line":149,"column":8},"end":{"line":149,"column":19}},"97":{"start":{"line":152,"column":8},"end":{"line":163,"column":9}},"98":{"start":{"line":153,"column":12},"end":{"line":153,"column":24}},"99":{"start":{"line":156,"column":12},"end":{"line":161,"column":13}},"100":{"start":{"line":156,"column":25},"end":{"line":156,"column":26}},"101":{"start":{"line":157,"column":26},"end":{"line":157,"column":58}},"102":{"start":{"line":158,"column":24},"end":{"line":158,"column":31}},"103":{"start":{"line":159,"column":16},"end":{"line":159,"column":36}},"104":{"start":{"line":160,"column":16},"end":{"line":160,"column":30}},"105":{"start":{"line":162,"column":12},"end":{"line":162,"column":24}},"106":{"start":{"line":166,"column":16},"end":{"line":166,"column":17}},"107":{"start":{"line":167,"column":18},"end":{"line":167,"column":19}},"108":{"start":{"line":168,"column":8},"end":{"line":180,"column":9}},"109":{"start":{"line":169,"column":12},"end":{"line":178,"column":13}},"110":{"start":{"line":170,"column":16},"end":{"line":172,"column":17}},"111":{"start":{"line":171,"column":20},"end":{"line":171,"column":28}},"112":{"start":{"line":175,"column":16},"end":{"line":177,"column":17}},"113":{"start":{"line":176,"column":20},"end":{"line":176,"column":28}},"114":{"start":{"line":179,"column":12},"end":{"line":179,"column":16}},"115":{"start":{"line":181,"column":8},"end":{"line":181,"column":19}},"116":{"start":{"line":184,"column":22},"end":{"line":184,"column":24}},"117":{"start":{"line":185,"column":8},"end":{"line":191,"column":11}},"118":{"start":{"line":186,"column":12},"end":{"line":189,"column":15}},"119":{"start":{"line":187,"column":29},"end":{"line":187,"column":49}},"120":{"start":{"line":188,"column":16},"end":{"line":188,"column":37}},"121":{"start":{"line":190,"column":12},"end":{"line":190,"column":36}},"122":{"start":{"line":194,"column":8},"end":{"line":194,"column":35}},"123":{"start":{"line":195,"column":21},"end":{"line":195,"column":44}},"124":{"start":{"line":196,"column":8},"end":{"line":196,"column":65}},"125":{"start":{"line":197,"column":8},"end":{"line":197,"column":39}},"126":{"start":{"line":198,"column":8},"end":{"line":198,"column":26}},"127":{"start":{"line":199,"column":8},"end":{"line":199,"column":24}},"128":{"start":{"line":202,"column":8},"end":{"line":207,"column":53}},"129":{"start":{"line":210,"column":20},"end":{"line":210,"column":28}},"130":{"start":{"line":211,"column":8},"end":{"line":228,"column":9}},"131":{"start":{"line":212,"column":12},"end":{"line":227,"column":15}},"132":{"start":{"line":213,"column":27},"end":{"line":213,"column":75}},"133":{"start":{"line":214,"column":16},"end":{"line":216,"column":17}},"134":{"start":{"line":215,"column":20},"end":{"line":215,"column":33}},"135":{"start":{"line":217,"column":16},"end":{"line":226,"column":17}},"136":{"start":{"line":218,"column":32},"end":{"line":218,"column":73}},"137":{"start":{"line":219,"column":37},"end":{"line":219,"column":39}},"138":{"start":{"line":220,"column":20},"end":{"line":223,"column":21}},"139":{"start":{"line":221,"column":40},"end":{"line":221,"column":171}},"140":{"start":{"line":222,"column":24},"end":{"line":222,"column":47}},"141":{"start":{"line":224,"column":36},"end":{"line":224,"column":123}},"142":{"start":{"line":225,"column":20},"end":{"line":225,"column":46}},"143":{"start":{"line":231,"column":0},"end":{"line":231,"column":32}}},"fnMap":{"0":{"name":"(anonymous_0)","decl":{"start":{"line":2,"column":74},"end":{"line":2,"column":75}},"loc":{"start":{"line":2,"column":96},"end":{"line":9,"column":1}},"line":2},"1":{"name":"(anonymous_1)","decl":{"start":{"line":6,"column":38},"end":{"line":6,"column":39}},"loc":{"start":{"line":6,"column":49},"end":{"line":6,"column":65}},"line":6},"2":{"name":"(anonymous_2)","decl":{"start":{"line":9,"column":6},"end":{"line":9,"column":7}},"loc":{"start":{"line":9,"column":28},"end":{"line":12,"column":1}},"line":9},"3":{"name":"(anonymous_3)","decl":{"start":{"line":13,"column":80},"end":{"line":13,"column":81}},"loc":{"start":{"line":13,"column":95},"end":{"line":15,"column":1}},"line":13},"4":{"name":"(anonymous_4)","decl":{"start":{"line":15,"column":5},"end":{"line":15,"column":6}},"loc":{"start":{"line":15,"column":20},"end":{"line":17,"column":1}},"line":15},"5":{"name":"(anonymous_5)","decl":{"start":{"line":18,"column":50},"end":{"line":18,"column":51}},"loc":{"start":{"line":18,"column":65},"end":{"line":24,"column":1}},"line":18},"6":{"name":"(anonymous_6)","decl":{"start":{"line":37,"column":4},"end":{"line":37,"column":5}},"loc":{"start":{"line":37,"column":18},"end":{"line":41,"column":5}},"line":37},"7":{"name":"(anonymous_7)","decl":{"start":{"line":42,"column":4},"end":{"line":42,"column":5}},"loc":{"start":{"line":42,"column":34},"end":{"line":64,"column":5}},"line":42},"8":{"name":"(anonymous_8)","decl":{"start":{"line":43,"column":27},"end":{"line":43,"column":28}},"loc":{"start":{"line":43,"column":48},"end":{"line":63,"column":9}},"line":43},"9":{"name":"(anonymous_9)","decl":{"start":{"line":49,"column":58},"end":{"line":49,"column":59}},"loc":{"start":{"line":49,"column":65},"end":{"line":51,"column":17}},"line":49},"10":{"name":"(anonymous_10)","decl":{"start":{"line":51,"column":25},"end":{"line":51,"column":26}},"loc":{"start":{"line":51,"column":32},"end":{"line":53,"column":17}},"line":51},"11":{"name":"(anonymous_11)","decl":{"start":{"line":57,"column":54},"end":{"line":57,"column":55}},"loc":{"start":{"line":57,"column":61},"end":{"line":59,"column":17}},"line":57},"12":{"name":"(anonymous_12)","decl":{"start":{"line":59,"column":25},"end":{"line":59,"column":26}},"loc":{"start":{"line":59,"column":32},"end":{"line":61,"column":17}},"line":59},"13":{"name":"(anonymous_13)","decl":{"start":{"line":65,"column":4},"end":{"line":65,"column":5}},"loc":{"start":{"line":65,"column":22},"end":{"line":81,"column":5}},"line":65},"14":{"name":"(anonymous_14)","decl":{"start":{"line":66,"column":27},"end":{"line":66,"column":28}},"loc":{"start":{"line":66,"column":48},"end":{"line":80,"column":9}},"line":66},"15":{"name":"(anonymous_15)","decl":{"start":{"line":82,"column":4},"end":{"line":82,"column":5}},"loc":{"start":{"line":82,"column":22},"end":{"line":101,"column":5}},"line":82},"16":{"name":"(anonymous_16)","decl":{"start":{"line":83,"column":27},"end":{"line":83,"column":28}},"loc":{"start":{"line":83,"column":48},"end":{"line":100,"column":9}},"line":83},"17":{"name":"(anonymous_17)","decl":{"start":{"line":90,"column":22},"end":{"line":90,"column":23}},"loc":{"start":{"line":90,"column":28},"end":{"line":93,"column":13}},"line":90},"18":{"name":"(anonymous_18)","decl":{"start":{"line":94,"column":22},"end":{"line":94,"column":23}},"loc":{"start":{"line":94,"column":31},"end":{"line":96,"column":13}},"line":94},"19":{"name":"(anonymous_19)","decl":{"start":{"line":97,"column":23},"end":{"line":97,"column":24}},"loc":{"start":{"line":97,"column":32},"end":{"line":99,"column":13}},"line":97},"20":{"name":"(anonymous_20)","decl":{"start":{"line":102,"column":4},"end":{"line":102,"column":5}},"loc":{"start":{"line":102,"column":34},"end":{"line":106,"column":5}},"line":102},"21":{"name":"(anonymous_21)","decl":{"start":{"line":107,"column":4},"end":{"line":107,"column":5}},"loc":{"start":{"line":107,"column":42},"end":{"line":114,"column":5}},"line":107},"22":{"name":"(anonymous_22)","decl":{"start":{"line":115,"column":4},"end":{"line":115,"column":5}},"loc":{"start":{"line":115,"column":34},"end":{"line":150,"column":5}},"line":115},"23":{"name":"(anonymous_23)","decl":{"start":{"line":151,"column":4},"end":{"line":151,"column":5}},"loc":{"start":{"line":151,"column":28},"end":{"line":164,"column":5}},"line":151},"24":{"name":"(anonymous_24)","decl":{"start":{"line":165,"column":4},"end":{"line":165,"column":5}},"loc":{"start":{"line":165,"column":26},"end":{"line":182,"column":5}},"line":165},"25":{"name":"(anonymous_25)","decl":{"start":{"line":183,"column":4},"end":{"line":183,"column":5}},"loc":{"start":{"line":183,"column":19},"end":{"line":192,"column":5}},"line":183},"26":{"name":"(anonymous_26)","decl":{"start":{"line":185,"column":27},"end":{"line":185,"column":28}},"loc":{"start":{"line":185,"column":40},"end":{"line":191,"column":9}},"line":185},"27":{"name":"(anonymous_27)","decl":{"start":{"line":186,"column":43},"end":{"line":186,"column":44}},"loc":{"start":{"line":186,"column":60},"end":{"line":189,"column":13}},"line":186},"28":{"name":"(anonymous_28)","decl":{"start":{"line":193,"column":4},"end":{"line":193,"column":5}},"loc":{"start":{"line":193,"column":30},"end":{"line":200,"column":5}},"line":193},"29":{"name":"(anonymous_29)","decl":{"start":{"line":201,"column":4},"end":{"line":201,"column":5}},"loc":{"start":{"line":201,"column":28},"end":{"line":208,"column":5}},"line":201},"30":{"name":"(anonymous_30)","decl":{"start":{"line":209,"column":4},"end":{"line":209,"column":5}},"loc":{"start":{"line":209,"column":37},"end":{"line":229,"column":5}},"line":209},"31":{"name":"(anonymous_31)","decl":{"start":{"line":212,"column":40},"end":{"line":212,"column":41}},"loc":{"start":{"line":212,"column":50},"end":{"line":227,"column":13}},"line":212}},"branchMap":{"0":{"loc":{"start":{"line":2,"column":22},"end":{"line":12,"column":3}},"type":"binary-expr","locations":[{"start":{"line":2,"column":23},"end":{"line":2,"column":27}},{"start":{"line":2,"column":31},"end":{"line":2,"column":51}},{"start":{"line":2,"column":57},"end":{"line":12,"column":2}}],"line":2},"1":{"loc":{"start":{"line":2,"column":57},"end":{"line":12,"column":2}},"type":"cond-expr","locations":[{"start":{"line":2,"column":74},"end":{"line":9,"column":1}},{"start":{"line":9,"column":6},"end":{"line":12,"column":1}}],"line":2},"2":{"loc":{"start":{"line":3,"column":4},"end":{"line":3,"column":33}},"type":"if","locations":[{"start":{"line":3,"column":4},"end":{"line":3,"column":33}},{"start":{"line":3,"column":4},"end":{"line":3,"column":33}}],"line":3},"3":{"loc":{"start":{"line":5,"column":4},"end":{"line":7,"column":5}},"type":"if","locations":[{"start":{"line":5,"column":4},"end":{"line":7,"column":5}},{"start":{"line":5,"column":4},"end":{"line":7,"column":5}}],"line":5},"4":{"loc":{"start":{"line":5,"column":8},"end":{"line":5,"column":85}},"type":"binary-expr","locations":[{"start":{"line":5,"column":8},"end":{"line":5,"column":13}},{"start":{"line":5,"column":18},"end":{"line":5,"column":84}}],"line":5},"5":{"loc":{"start":{"line":5,"column":18},"end":{"line":5,"column":84}},"type":"cond-expr","locations":[{"start":{"line":5,"column":34},"end":{"line":5,"column":47}},{"start":{"line":5,"column":50},"end":{"line":5,"column":84}}],"line":5},"6":{"loc":{"start":{"line":5,"column":50},"end":{"line":5,"column":84}},"type":"binary-expr","locations":[{"start":{"line":5,"column":50},"end":{"line":5,"column":63}},{"start":{"line":5,"column":67},"end":{"line":5,"column":84}}],"line":5},"7":{"loc":{"start":{"line":10,"column":4},"end":{"line":10,"column":33}},"type":"if","locations":[{"start":{"line":10,"column":4},"end":{"line":10,"column":33}},{"start":{"line":10,"column":4},"end":{"line":10,"column":33}}],"line":10},"8":{"loc":{"start":{"line":13,"column":25},"end":{"line":17,"column":2}},"type":"binary-expr","locations":[{"start":{"line":13,"column":26},"end":{"line":13,"column":30}},{"start":{"line":13,"column":34},"end":{"line":13,"column":57}},{"start":{"line":13,"column":63},"end":{"line":17,"column":1}}],"line":13},"9":{"loc":{"start":{"line":13,"column":63},"end":{"line":17,"column":1}},"type":"cond-expr","locations":[{"start":{"line":13,"column":80},"end":{"line":15,"column":1}},{"start":{"line":15,"column":5},"end":{"line":17,"column":1}}],"line":13},"10":{"loc":{"start":{"line":18,"column":19},"end":{"line":24,"column":1}},"type":"binary-expr","locations":[{"start":{"line":18,"column":20},"end":{"line":18,"column":24}},{"start":{"line":18,"column":28},"end":{"line":18,"column":45}},{"start":{"line":18,"column":50},"end":{"line":24,"column":1}}],"line":18},"11":{"loc":{"start":{"line":19,"column":4},"end":{"line":19,"column":42}},"type":"if","locations":[{"start":{"line":19,"column":4},"end":{"line":19,"column":42}},{"start":{"line":19,"column":4},"end":{"line":19,"column":42}}],"line":19},"12":{"loc":{"start":{"line":19,"column":8},"end":{"line":19,"column":29}},"type":"binary-expr","locations":[{"start":{"line":19,"column":8},"end":{"line":19,"column":11}},{"start":{"line":19,"column":15},"end":{"line":19,"column":29}}],"line":19},"13":{"loc":{"start":{"line":21,"column":4},"end":{"line":21,"column":141}},"type":"if","locations":[{"start":{"line":21,"column":4},"end":{"line":21,"column":141}},{"start":{"line":21,"column":4},"end":{"line":21,"column":141}}],"line":21},"14":{"loc":{"start":{"line":21,"column":40},"end":{"line":21,"column":141}},"type":"if","locations":[{"start":{"line":21,"column":40},"end":{"line":21,"column":141}},{"start":{"line":21,"column":40},"end":{"line":21,"column":141}}],"line":21},"15":{"loc":{"start":{"line":21,"column":44},"end":{"line":21,"column":107}},"type":"binary-expr","locations":[{"start":{"line":21,"column":44},"end":{"line":21,"column":59}},{"start":{"line":21,"column":63},"end":{"line":21,"column":107}}],"line":21},"16":{"loc":{"start":{"line":44,"column":12},"end":{"line":46,"column":13}},"type":"if","locations":[{"start":{"line":44,"column":12},"end":{"line":46,"column":13}},{"start":{"line":44,"column":12},"end":{"line":46,"column":13}}],"line":44},"17":{"loc":{"start":{"line":47,"column":12},"end":{"line":62,"column":13}},"type":"if","locations":[{"start":{"line":47,"column":12},"end":{"line":62,"column":13}},{"start":{"line":47,"column":12},"end":{"line":62,"column":13}}],"line":47},"18":{"loc":{"start":{"line":67,"column":12},"end":{"line":69,"column":13}},"type":"if","locations":[{"start":{"line":67,"column":12},"end":{"line":69,"column":13}},{"start":{"line":67,"column":12},"end":{"line":69,"column":13}}],"line":67},"19":{"loc":{"start":{"line":67,"column":16},"end":{"line":67,"column":59}},"type":"binary-expr","locations":[{"start":{"line":67,"column":16},"end":{"line":67,"column":25}},{"start":{"line":67,"column":29},"end":{"line":67,"column":39}},{"start":{"line":67,"column":43},"end":{"line":67,"column":59}}],"line":67},"20":{"loc":{"start":{"line":70,"column":12},"end":{"line":72,"column":13}},"type":"if","locations":[{"start":{"line":70,"column":12},"end":{"line":72,"column":13}},{"start":{"line":70,"column":12},"end":{"line":72,"column":13}}],"line":70},"21":{"loc":{"start":{"line":76,"column":12},"end":{"line":78,"column":13}},"type":"if","locations":[{"start":{"line":76,"column":12},"end":{"line":78,"column":13}},{"start":{"line":76,"column":12},"end":{"line":78,"column":13}}],"line":76},"22":{"loc":{"start":{"line":118,"column":12},"end":{"line":147,"column":13}},"type":"if","locations":[{"start":{"line":118,"column":12},"end":{"line":147,"column":13}},{"start":{"line":118,"column":12},"end":{"line":147,"column":13}}],"line":118},"23":{"loc":{"start":{"line":121,"column":17},"end":{"line":147,"column":13}},"type":"if","locations":[{"start":{"line":121,"column":17},"end":{"line":147,"column":13}},{"start":{"line":121,"column":17},"end":{"line":147,"column":13}}],"line":121},"24":{"loc":{"start":{"line":124,"column":17},"end":{"line":147,"column":13}},"type":"if","locations":[{"start":{"line":124,"column":17},"end":{"line":147,"column":13}},{"start":{"line":124,"column":17},"end":{"line":147,"column":13}}],"line":124},"25":{"loc":{"start":{"line":127,"column":17},"end":{"line":147,"column":13}},"type":"if","locations":[{"start":{"line":127,"column":17},"end":{"line":147,"column":13}},{"start":{"line":127,"column":17},"end":{"line":147,"column":13}}],"line":127},"26":{"loc":{"start":{"line":130,"column":17},"end":{"line":147,"column":13}},"type":"if","locations":[{"start":{"line":130,"column":17},"end":{"line":147,"column":13}},{"start":{"line":130,"column":17},"end":{"line":147,"column":13}}],"line":130},"27":{"loc":{"start":{"line":133,"column":17},"end":{"line":147,"column":13}},"type":"if","locations":[{"start":{"line":133,"column":17},"end":{"line":147,"column":13}},{"start":{"line":133,"column":17},"end":{"line":147,"column":13}}],"line":133},"28":{"loc":{"start":{"line":136,"column":17},"end":{"line":147,"column":13}},"type":"if","locations":[{"start":{"line":136,"column":17},"end":{"line":147,"column":13}},{"start":{"line":136,"column":17},"end":{"line":147,"column":13}}],"line":136},"29":{"loc":{"start":{"line":139,"column":17},"end":{"line":147,"column":13}},"type":"if","locations":[{"start":{"line":139,"column":17},"end":{"line":147,"column":13}},{"start":{"line":139,"column":17},"end":{"line":147,"column":13}}],"line":139},"30":{"loc":{"start":{"line":142,"column":17},"end":{"line":147,"column":13}},"type":"if","locations":[{"start":{"line":142,"column":17},"end":{"line":147,"column":13}},{"start":{"line":142,"column":17},"end":{"line":147,"column":13}}],"line":142},"31":{"loc":{"start":{"line":152,"column":8},"end":{"line":163,"column":9}},"type":"if","locations":[{"start":{"line":152,"column":8},"end":{"line":163,"column":9}},{"start":{"line":152,"column":8},"end":{"line":163,"column":9}}],"line":152},"32":{"loc":{"start":{"line":169,"column":12},"end":{"line":178,"column":13}},"type":"if","locations":[{"start":{"line":169,"column":12},"end":{"line":178,"column":13}},{"start":{"line":169,"column":12},"end":{"line":178,"column":13}}],"line":169},"33":{"loc":{"start":{"line":170,"column":16},"end":{"line":172,"column":17}},"type":"if","locations":[{"start":{"line":170,"column":16},"end":{"line":172,"column":17}},{"start":{"line":170,"column":16},"end":{"line":172,"column":17}}],"line":170},"34":{"loc":{"start":{"line":175,"column":16},"end":{"line":177,"column":17}},"type":"if","locations":[{"start":{"line":175,"column":16},"end":{"line":177,"column":17}},{"start":{"line":175,"column":16},"end":{"line":177,"column":17}}],"line":175},"35":{"loc":{"start":{"line":202,"column":16},"end":{"line":207,"column":51}},"type":"binary-expr","locations":[{"start":{"line":202,"column":16},"end":{"line":202,"column":27}},{"start":{"line":203,"column":12},"end":{"line":203,"column":28}},{"start":{"line":204,"column":12},"end":{"line":204,"column":22}},{"start":{"line":205,"column":12},"end":{"line":205,"column":28}},{"start":{"line":206,"column":12},"end":{"line":206,"column":42}},{"start":{"line":207,"column":12},"end":{"line":207,"column":51}}],"line":202},"36":{"loc":{"start":{"line":211,"column":8},"end":{"line":228,"column":9}},"type":"if","locations":[{"start":{"line":211,"column":8},"end":{"line":228,"column":9}},{"start":{"line":211,"column":8},"end":{"line":228,"column":9}}],"line":211},"37":{"loc":{"start":{"line":213,"column":27},"end":{"line":213,"column":75}},"type":"binary-expr","locations":[{"start":{"line":213,"column":27},"end":{"line":213,"column":67}},{"start":{"line":213,"column":71},"end":{"line":213,"column":75}}],"line":213},"38":{"loc":{"start":{"line":214,"column":16},"end":{"line":216,"column":17}},"type":"if","locations":[{"start":{"line":214,"column":16},"end":{"line":216,"column":17}},{"start":{"line":214,"column":16},"end":{"line":216,"column":17}}],"line":214},"39":{"loc":{"start":{"line":217,"column":16},"end":{"line":226,"column":17}},"type":"if","locations":[{"start":{"line":217,"column":16},"end":{"line":226,"column":17}},{"start":{"line":217,"column":16},"end":{"line":226,"column":17}}],"line":217}},"s":{"0":1,"1":146,"2":146,"3":146,"4":146,"5":146,"6":32,"7":146,"8":0,"9":0,"10":0,"11":1,"12":1,"13":0,"14":1,"15":1,"16":0,"17":1,"18":1,"19":1,"20":146,"21":146,"22":1,"23":1,"24":1,"25":1,"26":1,"27":1,"28":1,"29":1,"30":1,"31":1,"32":1,"33":17,"34":17,"35":17,"36":17,"37":17,"38":6,"39":11,"40":0,"41":0,"42":0,"43":0,"44":11,"45":11,"46":2,"47":9,"48":0,"49":0,"50":0,"51":0,"52":0,"53":0,"54":0,"55":0,"56":0,"57":0,"58":0,"59":0,"60":0,"61":0,"62":0,"63":0,"64":0,"65":0,"66":0,"67":0,"68":0,"69":0,"70":0,"71":0,"72":0,"73":0,"74":0,"75":0,"76":0,"77":0,"78":0,"79":0,"80":0,"81":0,"82":0,"83":0,"84":0,"85":0,"86":0,"87":0,"88":0,"89":0,"90":0,"91":0,"92":0,"93":0,"94":0,"95":0,"96":0,"97":0,"98":0,"99":0,"100":0,"101":0,"102":0,"103":0,"104":0,"105":0,"106":0,"107":0,"108":0,"109":0,"110":0,"111":0,"112":0,"113":0,"114":0,"115":0,"116":0,"117":0,"118":0,"119":0,"120":0,"121":0,"122":2,"123":2,"124":2,"125":2,"126":2,"127":2,"128":17,"129":17,"130":17,"131":0,"132":0,"133":0,"134":0,"135":0,"136":0,"137":0,"138":0,"139":0,"140":0,"141":0,"142":0,"143":1},"f":{"0":146,"1":32,"2":0,"3":1,"4":0,"5":1,"6":17,"7":17,"8":17,"9":0,"10":0,"11":2,"12":9,"13":0,"14":0,"15":0,"16":0,"17":0,"18":0,"19":0,"20":0,"21":0,"22":0,"23":0,"24":0,"25":0,"26":0,"27":0,"28":2,"29":17,"30":17,"31":0},"b":{"0":[1,1,1],"1":[1,0],"2":[146,0],"3":[146,0],"4":[146,146],"5":[0,146],"6":[146,0],"7":[0,0],"8":[1,1,1],"9":[1,0],"10":[1,1,1],"11":[0,1],"12":[1,1],"13":[1,0],"14":[146,0],"15":[146,146],"16":[6,11],"17":[0,11],"18":[0,0],"19":[0,0,0],"20":[0,0],"21":[0,0],"22":[0,0],"23":[0,0],"24":[0,0],"25":[0,0],"26":[0,0],"27":[0,0],"28":[0,0],"29":[0,0],"30":[0,0],"31":[0,0],"32":[0,0],"33":[0,0],"34":[0,0],"35":[17,17,17,14,11,11],"36":[0,17],"37":[0,0],"38":[0,0],"39":[0,0]},"inputSourceMap":{"version":3,"file":"/Users/iriss/Desktop/310/project_team122/src/controller/InsightFacade.ts","sources":["/Users/iriss/Desktop/310/project_team122/src/controller/InsightFacade.ts"],"names":[],"mappings":";;;;;;;;;;;;;;;;;;;;;;;;;AAAA,qDAO0B;AAC1B,iDAAuC;AACvC,mDAAwC;AACxC,6CAA+B;AAC/B,6CAAwC;AACxC,+CAA0C;AAC1C,2CAAsC;AACtC,uCAAkC;AAOlC,MAAqB,aAAa;IACzB,MAAM,CAAC,QAAQ,CAAuB;IACtC,MAAM,CAAC,GAAG,CAAW;IAC7B;QAEC,aAAa,CAAC,QAAQ,GAAG,IAAI,GAAG,EAAmB,CAAC;QACpD,aAAa,CAAC,GAAG,GAAG,EAAE,CAAC;QACvB,aAAa,CAAC,UAAU,CAAC,aAAa,CAAC,GAAG,EAAE,aAAa,CAAC,QAAQ,CAAC,CAAC;IACrE,CAAC;IAEM,UAAU,CAAC,EAAU,EAAE,OAAe,EAAE,IAAwB;QACtE,OAAO,IAAI,OAAO,CAAC,CAAC,OAAO,EAAE,MAAM,EAAE,EAAE;YACtC,IAAI,aAAa,CAAC,YAAY,CAAC,EAAE,CAAC,EAAE;gBACnC,OAAO,MAAM,CAAC,IAAI,6BAAY,CAAC,qBAAqB,CAAC,CAAC,CAAC;aACvD;YAED,IAAI,IAAI,KAAK,mCAAkB,CAAC,QAAQ,EAAC;gBACxC,IAAI,OAAO,GAAG,IAAI,qBAAS,CAAC,IAAI,CAAC,CAAC;gBAClC,OAAO,CAAC,SAAS,CAAC,EAAE,EAAE,OAAO,EAAE,IAAI,CAAC,CAAC,IAAI,CAAC,CAAC,CAAC,EAAG,EAAE;oBAChD,OAAO,OAAO,CAAC,CAAC,CAAC,CAAC;gBACnB,CAAC,CAAC,CAAC,KAAK,CAAC,CAAC,CAAM,EAAE,EAAE;oBACnB,OAAO,MAAM,CAAC,CAAC,CAAC,CAAC;gBAClB,CAAC,CAAC,CAAC;aACH;iBAAM;gBACN,IAAI,KAAK,GAAG,IAAI,iBAAO,CAAC,IAAI,CAAC,CAAC;gBAC9B,KAAK,CAAC,OAAO,CAAC,EAAE,EAAE,OAAO,EAAE,IAAI,CAAC,CAAC,IAAI,CAAC,CAAC,CAAC,EAAG,EAAE;oBAC5C,OAAO,OAAO,CAAC,CAAC,CAAC,CAAC;gBACnB,CAAC,CAAC,CAAC,KAAK,CAAC,CAAC,CAAM,EAAE,EAAE;oBACnB,OAAO,MAAM,CAAC,CAAC,CAAC,CAAC;gBAClB,CAAC,CAAC,CAAC;aACH;QACF,CAAC,CAAC,CAAC;IACJ,CAAC;IAEM,aAAa,CAAC,EAAU;QAC9B,OAAO,IAAI,OAAO,CAAC,CAAC,OAAO,EAAE,MAAM,EAAE,EAAE;YACtC,IAAI,EAAE,KAAK,EAAE,IAAI,CAAC,EAAE,CAAC,IAAI,EAAE,IAAI,EAAE,CAAC,QAAQ,CAAC,GAAG,CAAC,EAAE;gBAChD,OAAO,MAAM,CAAC,IAAI,6BAAY,CAAC,qBAAqB,CAAC,CAAC,CAAC;aACvD;YACD,IAAI,CAAC,aAAa,CAAC,GAAG,CAAC,QAAQ,CAAC,EAAE,CAAC,EAAE;gBACpC,OAAO,MAAM,CAAC,IAAI,8BAAa,CAAC,uBAAuB,CAAC,CAAC,CAAC;aAC1D;YACD,EAAE,CAAC,UAAU,CAAC,SAAS,GAAG,EAAE,GAAG,OAAO,CAAC,CAAC;YACxC,aAAa,CAAC,QAAQ,CAAC,MAAM,CAAC,EAAE,CAAC,CAAC;YAClC,MAAM,KAAK,GAAG,aAAa,CAAC,GAAG,CAAC,OAAO,CAAC,EAAE,EAAE,CAAC,CAAC,CAAC;YAC/C,IAAI,KAAK,GAAG,CAAC,CAAC,EAAE;gBACf,aAAa,CAAC,GAAG,CAAC,MAAM,CAAC,KAAK,EAAE,CAAC,CAAC,CAAC;aACnC;YACD,OAAO,OAAO,CAAC,EAAE,CAAC,CAAC;QACpB,CAAC,CAAC,CAAC;IACJ,CAAC;IAEM,YAAY,CAAC,GAAY;QAC/B,OAAO,IAAI,OAAO,CAAC,CAAC,OAAO,EAAE,MAAM,EAAE,EAAE;YACrC,IAAI,KAAiB,CAAC;YACvB,KAAK,GAAG,IAAI,uBAAU,CAAC,aAAa,CAAC,GAAG,CAAC,CAAC;YAC1C,IAAI,IAAI,GAAQ,GAAG,CAAC;YACpB,IAAI,MAAmB,CAAC;YACxB,KAAK;iBACH,UAAU,CAAC,GAAG,CAAC;iBACf,IAAI,CAAC,GAAG,EAAE;gBACV,MAAM,GAAG,IAAI,yBAAW,CAAC,IAAI,CAAC,KAAK,EAAE,aAAa,CAAC,QAAQ,CAAC,GAAG,CAAC,KAAK,CAAC,UAAU,EAAE,CAAC,CAAC,CAAC;gBACrF,OAAO,MAAM,CAAC,WAAW,EAAE,CAAC;YAC7B,CAAC,CAAC;iBACD,IAAI,CAAC,CAAC,GAAG,EAAE,EAAE;gBAEb,OAAO,OAAO,CAAC,IAAI,CAAC,YAAY,CAAC,GAAG,EAAE,IAAI,EAAE,KAAK,CAAC,UAAU,EAAE,CAAC,CAAC,CAAC;YAClE,CAAC,CAAC;iBACD,KAAK,CAAC,CAAC,GAAG,EAAE,EAAE;gBACd,OAAO,MAAM,CAAC,GAAG,CAAC,CAAC;YACpB,CAAC,CAAC,CAAC;QACL,CAAC,CAAC,CAAC;IACJ,CAAC;IAEO,YAAY,CAAC,IAAe,EAAE,KAAU,EAAE,EAAU;QAC3D,IAAI,GAAG,GAAU,EAAE,CAAC;QACpB,IAAI,MAAM,GAAG,IAAI,CAAC,eAAe,CAAC,IAAI,EAAE,KAAK,EAAE,EAAE,EAAE,GAAG,CAAC,CAAC;QACxD,OAAO,IAAI,CAAC,YAAY,CAAC,MAAM,EAAE,KAAK,CAAC,OAAO,CAAC,CAAC;IACjD,CAAC;IAEO,eAAe,CAAC,IAAe,EAAE,KAAU,EAAE,EAAU,EAAE,GAAU;QAC1E,IAAI,IAAI,GAAG,KAAK,CAAC,OAAO,CAAC,OAAO,CAAC;QACjC,KAAK,MAAM,GAAG,IAAI,IAAI,EAAE;YACvB,IAAI,GAAG,GAAG,IAAI,CAAC,cAAc,CAAC,GAAG,EAAE,IAAI,EAAE,EAAE,CAAC,CAAC;YAC7C,GAAG,CAAC,IAAI,CAAC,GAAG,CAAC,CAAC;SACd;QACD,OAAO,GAAG,CAAC;IACZ,CAAC;IAEO,cAAc,CAAC,GAAY,EAAE,IAAc,EAAE,EAAU;QAC9D,IAAI,GAAG,GAAG,MAAM,CAAC,MAAM,CAAC,IAAI,CAAC,CAAC;QAC9B,KAAK,MAAM,GAAG,IAAI,IAAI,EAAE;YACvB,IAAI,GAAG,KAAK,EAAE,CAAC,MAAM,CAAC,OAAO,CAAC,EAAE;gBAC/B,GAAG,CAAC,GAAG,CAAC,GAAG,GAAG,CAAC,IAAI,CAAC;aACpB;iBAAM,IAAI,GAAG,KAAK,EAAE,CAAC,MAAM,CAAC,OAAO,CAAC,EAAE;gBACtC,GAAG,CAAC,GAAG,CAAC,GAAG,GAAG,CAAC,IAAI,CAAC;aACpB;iBAAM,IAAI,GAAG,KAAK,EAAE,CAAC,MAAM,CAAC,OAAO,CAAC,EAAE;gBACtC,GAAG,CAAC,GAAG,CAAC,GAAG,GAAG,CAAC,IAAI,CAAC;aACpB;iBAAM,IAAI,GAAG,KAAK,EAAE,CAAC,MAAM,CAAC,KAAK,CAAC,EAAE;gBACpC,GAAG,CAAC,GAAG,CAAC,GAAG,GAAG,CAAC,EAAE,CAAC;aAClB;iBAAM,IAAI,GAAG,KAAK,EAAE,CAAC,MAAM,CAAC,QAAQ,CAAC,EAAE;gBACvC,GAAG,CAAC,GAAG,CAAC,GAAG,GAAG,CAAC,KAAK,CAAC;aACrB;iBAAM,IAAI,GAAG,KAAK,EAAE,CAAC,MAAM,CAAC,aAAa,CAAC,EAAE;gBAC5C,GAAG,CAAC,GAAG,CAAC,GAAG,GAAG,CAAC,UAAU,CAAC;aAC1B;iBAAM,IAAI,GAAG,KAAK,EAAE,CAAC,MAAM,CAAC,MAAM,CAAC,EAAE;gBACrC,GAAG,CAAC,EAAE,CAAC,MAAM,CAAC,MAAM,CAAC,CAAC,GAAG,GAAG,CAAC,GAAG,CAAC;aACjC;iBAAM,IAAI,GAAG,KAAK,EAAE,CAAC,MAAM,CAAC,OAAO,CAAC,EAAE;gBACtC,GAAG,CAAC,GAAG,CAAC,GAAG,GAAG,CAAC,IAAI,CAAC;aACpB;iBAAM,IAAI,GAAG,KAAK,EAAE,CAAC,MAAM,CAAC,OAAO,CAAC,EAAE;gBACtC,GAAG,CAAC,GAAG,CAAC,GAAG,GAAG,CAAC,IAAI,CAAC;aACpB;iBAAM;gBACN,GAAG,CAAC,GAAG,CAAC,GAAG,GAAG,CAAC,KAAK,CAAC;aACrB;SACD;QACD,OAAO,GAAG,CAAC;IACZ,CAAC;IAEO,YAAY,CAAC,IAAW,EAAE,GAAQ;QACzC,IAAI,GAAG,CAAC,OAAO,CAAC,KAAK,IAAI,EAAE;YAC1B,OAAO,IAAI,CAAC;SACZ;aAAM;YACN,KAAK,IAAI,CAAC,GAAG,CAAC,EAAE,CAAC,GAAG,IAAI,CAAC,MAAM,EAAE,CAAC,EAAE,EAAE;gBACrC,IAAI,GAAG,GAAG,IAAI,CAAC,OAAO,CAAC,IAAI,EAAE,CAAC,EAAE,GAAG,CAAC,KAAK,CAAC,CAAC;gBAC3C,IAAI,CAAC,GAAG,IAAI,CAAC,CAAC,CAAC,CAAC;gBAChB,IAAI,CAAC,CAAC,CAAC,GAAG,IAAI,CAAC,GAAG,CAAC,CAAC;gBACpB,IAAI,CAAC,GAAG,CAAC,GAAG,CAAC,CAAC;aACd;YACD,OAAO,IAAI,CAAC;SACZ;IACF,CAAC;IAEO,OAAO,CAAC,IAAW,EAAE,CAAS,EAAE,GAAW;QAClD,IAAI,CAAC,GAAG,CAAC,CAAC;QACV,IAAI,GAAG,GAAW,CAAC,CAAC;QACpB,OAAO,CAAC,KAAK,IAAI,CAAC,MAAM,EAAE;YACzB,IAAI,OAAO,IAAI,CAAC,CAAC,CAAC,CAAC,GAAG,CAAC,KAAK,QAAQ,EAAE;gBACrC,IAAI,IAAI,CAAC,CAAC,CAAC,CAAC,GAAG,CAAC,CAAC,aAAa,CAAC,IAAI,CAAC,GAAG,CAAC,CAAC,GAAG,CAAC,CAAC,IAAI,CAAC,EAAE;oBACpD,GAAG,GAAG,CAAC,CAAC;iBACR;aACD;iBAAM;gBACN,IAAI,IAAI,CAAC,CAAC,CAAC,CAAC,GAAG,CAAC,IAAI,IAAI,CAAC,GAAG,CAAC,CAAC,GAAG,CAAC,EAAE;oBACnC,GAAG,GAAG,CAAC,CAAC;iBACR;aACD;YACD,CAAC,EAAE,CAAC;SACJ;QACD,OAAO,GAAG,CAAC;IAEZ,CAAC;IAEM,YAAY;QAClB,IAAI,OAAO,GAAqB,EAAE,CAAC;QACnC,OAAO,IAAI,OAAO,CAAC,CAAC,OAAO,EAAE,EAAE;YAC9B,aAAa,CAAC,QAAQ,CAAC,OAAO,CAAC,UAAU,KAAc;gBACtD,IAAI,MAAM,GAAG,KAAK,CAAC,cAAc,CAAC;gBAClC,OAAO,CAAC,IAAI,CAAC,MAAM,CAAC,CAAC;YACtB,CAAC,CAAC,CAAC;YACH,OAAO,OAAO,CAAC,OAAO,CAAC,CAAC;QACzB,CAAC,CAAC,CAAC;IACJ,CAAC;IAEM,MAAM,CAAC,KAAK,CAAC,EAAU,EAAE,OAAgB;QAC/C,EAAE,CAAC,aAAa,CAAC,QAAQ,CAAC,CAAC;QAC3B,MAAM,IAAI,GAAG,IAAI,CAAC,SAAS,CAAC,OAAO,CAAC,CAAC;QACrC,EAAE,CAAC,aAAa,CAAC,SAAS,GAAG,OAAO,CAAC,EAAE,GAAG,OAAO,EAAE,IAAI,CAAC,CAAC;QACzD,IAAI,CAAC,QAAQ,CAAC,GAAG,CAAC,EAAE,EAAE,OAAO,CAAC,CAAC;QAC/B,IAAI,CAAC,GAAG,CAAC,IAAI,CAAC,EAAE,CAAC,CAAC;QAClB,OAAO,IAAI,CAAC,GAAG,CAAC;IACjB,CAAC;IAEO,MAAM,CAAC,YAAY,CAAC,EAAU;QACrC,OAAO,CAEN,EAAE,KAAK,IAAI;YACX,EAAE,KAAK,SAAS;YAChB,CAAC,EAAE,CAAC,IAAI,EAAE;YACV,EAAE,CAAC,QAAQ,CAAC,GAAG,CAAC;YAChB,aAAa,CAAC,GAAG,CAAC,QAAQ,CAAC,EAAE,CAAC;YAC9B,EAAE,CAAC,UAAU,CAAC,SAAS,GAAG,EAAE,GAAG,OAAO,CAAC,CAGvC,CAAC;IACH,CAAC;IAEO,MAAM,CAAC,UAAU,CAAC,GAAa,EAAE,QAA8B;QACtE,MAAM,GAAG,GAAG,QAAQ,CAAC;QACrB,IAAI,EAAE,CAAC,UAAU,CAAC,GAAG,CAAC,EAAE;YAEvB,EAAE,CAAC,WAAW,CAAC,GAAG,CAAC,CAAC,OAAO,CAAC,CAAC,IAAI,EAAE,EAAE;gBACpC,MAAM,EAAE,GAAG,IAAI,CAAC,SAAS,CAAC,CAAC,EAAE,IAAI,CAAC,WAAW,CAAC,GAAG,CAAC,CAAC,IAAI,IAAI,CAAC;gBAC5D,IAAI,CAAC,GAAG,CAAC,QAAQ,CAAC,EAAE,CAAC,EAAE;oBACtB,GAAG,CAAC,IAAI,CAAC,EAAE,CAAC,CAAC;iBACb;gBACD,IAAI,CAAC,QAAQ,CAAC,GAAG,CAAC,EAAE,CAAC,EAAE;oBACtB,MAAM,GAAG,GAAG,EAAE,CAAC,YAAY,CAAC,SAAS,GAAG,EAAE,GAAG,OAAO,CAAC,CAAC;oBACtD,MAAM,QAAQ,GAAc,EAAE,CAAC;oBAC/B,KAAK,MAAM,GAAG,IAAI,GAAG,CAAC,QAAQ,EAAE;wBAC/B,MAAM,OAAO,GAAG,IAAI,sBAAO,CAC1B,GAAG,CAAC,IAAI,EACR,GAAG,CAAC,EAAE,EACN,GAAG,CAAC,KAAK,EACT,GAAG,CAAC,UAAU,EACd,GAAG,CAAC,IAAI,EACR,GAAG,CAAC,IAAI,EACR,GAAG,CAAC,GAAG,EACP,GAAG,CAAC,IAAI,EACR,GAAG,CAAC,IAAI,EACR,GAAG,CAAC,KAAK,CACT,CAAC;wBACF,QAAQ,CAAC,IAAI,CAAC,OAAO,CAAC,CAAC;qBACvB;oBACD,MAAM,OAAO,GAAG,IAAI,uBAAO,CAAC,EAAE,EAAE,QAAQ,EAAE,mCAAkB,CAAC,QAAQ,CAAC,CAAC;oBACvE,QAAQ,CAAC,GAAG,CAAC,EAAE,EAAE,OAAO,CAAC,CAAC;iBAC1B;YACF,CAAC,CAAC,CAAC;SACH;IACF,CAAC;CACD;AAzND,gCAyNC","sourcesContent":["import {\n\tIInsightFacade,\n\tInsightDataset,\n\tInsightDatasetKind,\n\tInsightError,\n\tInsightResult,\n\tNotFoundError\n} from \"./IInsightFacade\";\nimport {Section} from \"./CourseHelper\";\nimport {Dataset} from \"./DatasetHelper\";\nimport * as fs from \"fs-extra\";\nimport {CheckQuery} from \"./CheckQuery\";\nimport {SearchQuery} from \"./SearchQuery\";\nimport {AddCourse} from \"./AddCourse\";\nimport {AddRoom} from \"./AddRoom\";\n\n/**\n * This is the main programmatic entry point for the project.\n * Method documentation is in IInsightFacade\n *\n */\nexport default class InsightFacade implements IInsightFacade {\n\tprivate static datasets: Map<string, Dataset>;\n\tprivate static IDs: string[];\n\tconstructor() {\n\t\t// console.log(\"InsightFacadeImpl::init()\");\n\t\tInsightFacade.datasets = new Map<string, Dataset>();\n\t\tInsightFacade.IDs = [];\n\t\tInsightFacade.checkcrash(InsightFacade.IDs, InsightFacade.datasets);\n\t}\n\n\tpublic addDataset(ID: string, content: string, kind: InsightDatasetKind): Promise<string[]> {\n\t\treturn new Promise((fulfill, reject) => {\n\t\t\tif (InsightFacade.checkValidID(ID)) {\n\t\t\t\treturn reject(new InsightError(\"Invalid Dataset ID!\"));\n\t\t\t}\n\n\t\t\tif (kind === InsightDatasetKind.Sections){\n\t\t\t\tlet courses = new AddCourse(this);\n\t\t\t\tcourses.addCourse(ID, content, kind).then((r)  =>{\n\t\t\t\t\treturn fulfill(r);\n\t\t\t\t}).catch((e: any) => {\n\t\t\t\t\treturn reject(e);\n\t\t\t\t});\n\t\t\t} else {\n\t\t\t\tlet rooms = new AddRoom(this);\n\t\t\t\trooms.addRoom(ID, content, kind).then((r)  =>{\n\t\t\t\t\treturn fulfill(r);\n\t\t\t\t}).catch((e: any) => {\n\t\t\t\t\treturn reject(e);\n\t\t\t\t});\n\t\t\t}\n\t\t});\n\t}\n\n\tpublic removeDataset(id: string): Promise<string> {\n\t\treturn new Promise((fulfill, reject) => {\n\t\t\tif (id === \"\" || !id.trim() || id.includes(\"_\")) {\n\t\t\t\treturn reject(new InsightError(\"Invalid Dataset ID!\"));\n\t\t\t}\n\t\t\tif (!InsightFacade.IDs.includes(id)) {\n\t\t\t\treturn reject(new NotFoundError(\"Non-exist Dateset ID!\"));\n\t\t\t}\n\t\t\tfs.unlinkSync(\"./data/\" + id + \".json\");\n\t\t\tInsightFacade.datasets.delete(id);\n\t\t\tconst index = InsightFacade.IDs.indexOf(id, 0);\n\t\t\tif (index > -1) {\n\t\t\t\tInsightFacade.IDs.splice(index, 1);\n\t\t\t}\n\t\t\treturn fulfill(id);\n\t\t});\n\t}\n\n\tpublic performQuery(que: unknown): Promise<InsightResult[]> {\n\t\treturn new Promise((resolve, reject) => {\n \t\t\tlet query: CheckQuery;\n\t\t\tquery = new CheckQuery(InsightFacade.IDs);\n\t\t\tlet quer: any = que;\n\t\t\tlet search: SearchQuery;\n\t\t\tquery\n\t\t\t\t.checkQuery(que)\n\t\t\t\t.then(() => {\n\t\t\t\t\tsearch = new SearchQuery(quer.WHERE, InsightFacade.datasets.get(query.getDataset()));\n\t\t\t\t\treturn search.searchQuery();\n\t\t\t\t})\n\t\t\t\t.then((sec) => {\n\t\t\t\t\t// console.log(sec);\n\t\t\t\t\treturn resolve(this.displayQuery(sec, quer, query.getDataset()));\n\t\t\t\t})\n\t\t\t\t.catch((err) => {\n\t\t\t\t\treturn reject(err);\n\t\t\t\t});\n\t\t});\n\t}\n\n\tprivate displayQuery(secs: Section[], query: any, id: string): InsightResult[] {\n\t\tlet arr: any[] = [];\n\t\tlet result = this.displaySections(secs, query, id, arr);\n\t\treturn this.displayOrder(result, query.OPTIONS);\n\t}\n\n\tprivate displaySections(secs: Section[], query: any, id: string, arr: any[]): InsightResult[] {\n\t\tlet keys = query.OPTIONS.COLUMNS;\n\t\tfor (const sec of secs) {\n\t\t\tlet obj = this.displaySection(sec, keys, id);\n\t\t\tarr.push(obj);\n\t\t}\n\t\treturn arr;\n\t}\n\n\tprivate displaySection(sec: Section, keys: string[], id: string): InsightResult {\n\t\tlet obj = Object.create(null);\n\t\tfor (const key of keys) {\n\t\t\tif (key === id.concat(\"_uuid\")) {\n\t\t\t\tobj[key] = sec.uuid;\n\t\t\t} else if (key === id.concat(\"_year\")) {\n\t\t\t\tobj[key] = sec.year;\n\t\t\t} else if (key === id.concat(\"_dept\")) {\n\t\t\t\tobj[key] = sec.dept;\n\t\t\t} else if (key === id.concat(\"_id\")) {\n\t\t\t\tobj[key] = sec.id;\n\t\t\t} else if (key === id.concat(\"_title\")) {\n\t\t\t\tobj[key] = sec.title;\n\t\t\t} else if (key === id.concat(\"_instructor\")) {\n\t\t\t\tobj[key] = sec.instructor;\n\t\t\t} else if (key === id.concat(\"_avg\")) {\n\t\t\t\tobj[id.concat(\"_avg\")] = sec.avg;\n\t\t\t} else if (key === id.concat(\"_pass\")) {\n\t\t\t\tobj[key] = sec.pass;\n\t\t\t} else if (key === id.concat(\"_fail\")) {\n\t\t\t\tobj[key] = sec.fail;\n\t\t\t} else {\n\t\t\t\tobj[key] = sec.audit;\n\t\t\t}\n\t\t}\n\t\treturn obj;\n\t}\n\n\tprivate displayOrder(secs: any[], obj: any): InsightResult[] {\n\t\tif (obj[\"ORDER\"] === null) {\n\t\t\treturn secs;\n\t\t} else {\n\t\t\tfor (let i = 0; i < secs.length; i++) {\n\t\t\t\tlet min = this.findMin(secs, i, obj.ORDER);\n\t\t\t\tlet s = secs[i];\n\t\t\t\tsecs[i] = secs[min];\n\t\t\t\tsecs[min] = s;\n\t\t\t}\n\t\t\treturn secs;\n\t\t}\n\t}\n\n\tprivate findMin(secs: any[], i: number, str: string): number {\n\t\tlet j = i;\n\t\tlet min: number = i;\n\t\twhile (j !== secs.length) {\n\t\t\tif (typeof secs[j][str] === \"string\") {\n\t\t\t\tif (secs[j][str].localeCompare(secs[min][str]) <= 0) {\n\t\t\t\t\tmin = j;\n\t\t\t\t}\n\t\t\t} else {\n\t\t\t\tif (secs[j][str] <= secs[min][str]) {\n\t\t\t\t\tmin = j;\n\t\t\t\t}\n\t\t\t}\n\t\t\tj++;\n\t\t}\n\t\treturn min;\n\t\t// return secs.sort();\n\t}\n\n\tpublic listDatasets(): Promise<InsightDataset[]> {\n\t\tlet results: InsightDataset[] = [];\n\t\treturn new Promise((fulfill) => {\n\t\t\tInsightFacade.datasets.forEach(function (value: Dataset) {\n\t\t\t\tlet result = value.insightDataset;\n\t\t\t\tresults.push(result);\n\t\t\t});\n\t\t\treturn fulfill(results);\n\t\t});\n\t}\n\n\tpublic static store(ID: string, dataset: Dataset): string[] {\n\t\tfs.ensureDirSync(\"./data\");\n\t\tconst json = JSON.stringify(dataset);\n\t\tfs.writeFileSync(\"./data/\" + dataset.id + \".json\", json);\n\t\tthis.datasets.set(ID, dataset);\n\t\tthis.IDs.push(ID);\n\t\treturn this.IDs;\n\t}\n\n\tprivate static checkValidID(ID: string): boolean {\n\t\treturn (\n\t\t\t// empty string case\n\t\t\tID === null ||\n\t\t\tID === undefined ||\n\t\t\t!ID.trim() ||\n\t\t\tID.includes(\"_\") ||\n\t\t\tInsightFacade.IDs.includes(ID) ||\n\t\t\tfs.existsSync(\"./data/\" + ID + \".json\")\n\t\t\t// C2\n\t\t\t// kind !== InsightDatasetKind.Sections\n\t\t);\n\t}\n\n\tprivate static checkcrash(IDs: string[], datasets: Map<string, Dataset>) {\n\t\tconst dir = \"./data\";\n\t\tif (fs.existsSync(dir)) {\n\t\t\t// old datasets already exist\n\t\t\tfs.readdirSync(dir).forEach((file) => {\n\t\t\t\tconst id = file.substring(0, file.lastIndexOf(\".\")) || file;\n\t\t\t\tif (!IDs.includes(id)) {\n\t\t\t\t\tIDs.push(id);\n\t\t\t\t}\n\t\t\t\tif (!datasets.has(id)) {\n\t\t\t\t\tconst obj = fs.readJsonSync(\"./data/\" + id + \".json\");\n\t\t\t\t\tconst sections: Section[] = [];\n\t\t\t\t\tfor (const sec of obj.sections) {\n\t\t\t\t\t\tconst section = new Section(\n\t\t\t\t\t\t\tsec.uuid,\n\t\t\t\t\t\t\tsec.id,\n\t\t\t\t\t\t\tsec.title,\n\t\t\t\t\t\t\tsec.instructor,\n\t\t\t\t\t\t\tsec.dept,\n\t\t\t\t\t\t\tsec.year,\n\t\t\t\t\t\t\tsec.avg,\n\t\t\t\t\t\t\tsec.pass,\n\t\t\t\t\t\t\tsec.fail,\n\t\t\t\t\t\t\tsec.audit\n\t\t\t\t\t\t);\n\t\t\t\t\t\tsections.push(section);\n\t\t\t\t\t}\n\t\t\t\t\tconst dataset = new Dataset(id, sections, InsightDatasetKind.Sections);\n\t\t\t\t\tdatasets.set(id, dataset);\n\t\t\t\t}\n\t\t\t});\n\t\t}\n\t}\n}\n"]},"_coverageSchema":"1a1c01bbd47fc00a2c39e90264f33305004495a9","hash":"7a8125912a9ffc919d51680851bd22ada5efa103","contentHash":"02088a92a75917409e0dac356ca887920ae51c5e76f6c4bad54226734d87160d"},"/Users/iriss/Desktop/310/project_team122/src/controller/CourseHelper.ts":{"path":"/Users/iriss/Desktop/310/project_team122/src/controller/CourseHelper.ts","statementMap":{"0":{"start":{"line":2,"column":0},"end":{"line":2,"column":62}},"1":{"start":{"line":3,"column":0},"end":{"line":3,"column":25}},"2":{"start":{"line":16,"column":8},"end":{"line":16,"column":23}},"3":{"start":{"line":17,"column":8},"end":{"line":17,"column":25}},"4":{"start":{"line":18,"column":8},"end":{"line":18,"column":27}},"5":{"start":{"line":19,"column":8},"end":{"line":19,"column":36}},"6":{"start":{"line":20,"column":8},"end":{"line":20,"column":28}},"7":{"start":{"line":21,"column":8},"end":{"line":21,"column":25}},"8":{"start":{"line":22,"column":8},"end":{"line":22,"column":23}},"9":{"start":{"line":23,"column":8},"end":{"line":23,"column":25}},"10":{"start":{"line":24,"column":8},"end":{"line":24,"column":25}},"11":{"start":{"line":25,"column":8},"end":{"line":25,"column":27}},"12":{"start":{"line":28,"column":0},"end":{"line":28,"column":26}}},"fnMap":{"0":{"name":"(anonymous_0)","decl":{"start":{"line":15,"column":4},"end":{"line":15,"column":5}},"loc":{"start":{"line":15,"column":85},"end":{"line":26,"column":5}},"line":15}},"branchMap":{},"s":{"0":1,"1":1,"2":0,"3":0,"4":0,"5":0,"6":0,"7":0,"8":0,"9":0,"10":0,"11":0,"12":1},"f":{"0":0},"b":{},"inputSourceMap":{"version":3,"file":"/Users/iriss/Desktop/310/project_team122/src/controller/CourseHelper.ts","sources":["/Users/iriss/Desktop/310/project_team122/src/controller/CourseHelper.ts"],"names":[],"mappings":";;;AAAA,MAAa,OAAO;IACH,IAAI,CAAS;IACb,EAAE,CAAS;IACX,KAAK,CAAS;IACd,UAAU,CAAS;IACnB,IAAI,CAAS;IACb,IAAI,CAAS;IACb,GAAG,CAAS;IACZ,IAAI,CAAS;IACb,IAAI,CAAS;IACb,KAAK,CAAS;IAE9B,YACC,EAAU,EACV,MAAc,EACd,KAAa,EACb,SAAiB,EACjB,OAAe,EACf,IAAY,EACZ,GAAW,EACX,KAAa,EACb,IAAY,EACZ,IAAY;QAEZ,IAAI,CAAC,IAAI,GAAG,EAAE,CAAC;QACf,IAAI,CAAC,EAAE,GAAG,MAAM,CAAC;QACjB,IAAI,CAAC,KAAK,GAAG,KAAK,CAAC;QACnB,IAAI,CAAC,UAAU,GAAG,SAAS,CAAC;QAC5B,IAAI,CAAC,IAAI,GAAG,OAAO,CAAC;QACpB,IAAI,CAAC,IAAI,GAAG,IAAI,CAAC;QACjB,IAAI,CAAC,GAAG,GAAG,GAAG,CAAC;QACf,IAAI,CAAC,IAAI,GAAG,IAAI,CAAC;QACjB,IAAI,CAAC,IAAI,GAAG,IAAI,CAAC;QACjB,IAAI,CAAC,KAAK,GAAG,KAAK,CAAC;IACpB,CAAC;CACD;AAnCD,0BAmCC","sourcesContent":["export class Section {\n\tpublic readonly uuid: string;\n\tpublic readonly id: string;\n\tpublic readonly title: string;\n\tpublic readonly instructor: string;\n\tpublic readonly dept: string;\n\tpublic readonly year: number;\n\tpublic readonly avg: number;\n\tpublic readonly pass: number;\n\tpublic readonly fail: number;\n\tpublic readonly audit: number;\n\n\tconstructor(\n\t\tid: string,\n\t\tCourse: string,\n\t\tTitle: string,\n\t\tProfessor: string,\n\t\tSubject: string,\n\t\tYear: number,\n\t\tAvg: number,\n\t\tAudit: number,\n\t\tPass: number,\n\t\tFail: number\n\t) {\n\t\tthis.uuid = id;\n\t\tthis.id = Course;\n\t\tthis.title = Title;\n\t\tthis.instructor = Professor;\n\t\tthis.dept = Subject;\n\t\tthis.year = Year;\n\t\tthis.avg = Avg;\n\t\tthis.pass = Pass;\n\t\tthis.fail = Fail;\n\t\tthis.audit = Audit;\n\t}\n}\n\n"]},"_coverageSchema":"1a1c01bbd47fc00a2c39e90264f33305004495a9","hash":"bba75225f6d4cbc99e60737ac8dc808b29144bb3","contentHash":"d8b855490520762cee7613faa54fd209beac4ff7295e8fec026c54c1fced209c"},"/Users/iriss/Desktop/310/project_team122/src/controller/DatasetHelper.ts":{"path":"/Users/iriss/Desktop/310/project_team122/src/controller/DatasetHelper.ts","statementMap":{"0":{"start":{"line":2,"column":0},"end":{"line":2,"column":62}},"1":{"start":{"line":3,"column":0},"end":{"line":3,"column":25}},"2":{"start":{"line":10,"column":8},"end":{"line":10,"column":21}},"3":{"start":{"line":11,"column":8},"end":{"line":11,"column":32}},"4":{"start":{"line":12,"column":8},"end":{"line":12,"column":25}},"5":{"start":{"line":13,"column":8},"end":{"line":17,"column":10}},"6":{"start":{"line":20,"column":0},"end":{"line":20,"column":26}}},"fnMap":{"0":{"name":"(anonymous_0)","decl":{"start":{"line":9,"column":4},"end":{"line":9,"column":5}},"loc":{"start":{"line":9,"column":35},"end":{"line":18,"column":5}},"line":9}},"branchMap":{},"s":{"0":1,"1":1,"2":2,"3":2,"4":2,"5":2,"6":1},"f":{"0":2},"b":{},"inputSourceMap":{"version":3,"file":"/Users/iriss/Desktop/310/project_team122/src/controller/DatasetHelper.ts","sources":["/Users/iriss/Desktop/310/project_team122/src/controller/DatasetHelper.ts"],"names":[],"mappings":";;;AAEA,MAAa,OAAO;IACZ,QAAQ,CAAY;IACpB,EAAE,CAAS;IACX,cAAc,CAAiB;IAC/B,IAAI,CAAqB;IAChC,YAAY,EAAU,EAAE,OAAc,EAAE,IAAwB;QAC/D,IAAI,CAAC,EAAE,GAAG,EAAE,CAAC;QACb,IAAI,CAAC,QAAQ,GAAG,OAAO,CAAC;QACxB,IAAI,CAAC,IAAI,GAAG,IAAI,CAAC;QACjB,IAAI,CAAC,cAAc,GAAG;YACrB,EAAE,EAAE,IAAI,CAAC,EAAE;YACX,IAAI,EAAE,IAAI,CAAC,IAAI;YACf,OAAO,EAAE,IAAI,CAAC,QAAQ,CAAC,MAAM;SAC7B,CAAC;IACH,CAAC;CACD;AAfD,0BAeC","sourcesContent":["import {InsightDataset, InsightDatasetKind} from \"./IInsightFacade\";\nimport {Section} from \"./CourseHelper\";\nexport class Dataset {\n\tpublic sections: Section[];\n\tpublic id: string;\n\tpublic insightDataset: InsightDataset;\n\tpublic kind: InsightDatasetKind;\n\tconstructor(id: string, section: any[], kind: InsightDatasetKind) {\n\t\tthis.id = id;\n\t\tthis.sections = section;\n\t\tthis.kind = kind;\n\t\tthis.insightDataset = {\n\t\t\tid: this.id,\n\t\t\tkind: this.kind,\n\t\t\tnumRows: this.sections.length,\n\t\t};\n\t}\n}\n"]},"_coverageSchema":"1a1c01bbd47fc00a2c39e90264f33305004495a9","hash":"a16e9a09a56635121867770c894c00db643d7076","contentHash":"2beec802d249a3317d5bb9ba9b339e5909e3f44526a3ee700a199a59fa05736c"},"/Users/iriss/Desktop/310/project_team122/src/controller/CheckQuery.ts":{"path":"/Users/iriss/Desktop/310/project_team122/src/controller/CheckQuery.ts","statementMap":{"0":{"start":{"line":2,"column":0},"end":{"line":2,"column":62}},"1":{"start":{"line":3,"column":0},"end":{"line":3,"column":28}},"2":{"start":{"line":4,"column":25},"end":{"line":4,"column":52}},"3":{"start":{"line":9,"column":8},"end":{"line":9,"column":26}},"4":{"start":{"line":10,"column":8},"end":{"line":10,"column":23}},"5":{"start":{"line":13,"column":8},"end":{"line":13,"column":28}},"6":{"start":{"line":16,"column":8},"end":{"line":68,"column":11}},"7":{"start":{"line":17,"column":12},"end":{"line":19,"column":13}},"8":{"start":{"line":18,"column":16},"end":{"line":18,"column":76}},"9":{"start":{"line":20,"column":24},"end":{"line":20,"column":27}},"10":{"start":{"line":21,"column":12},"end":{"line":37,"column":13}},"11":{"start":{"line":22,"column":16},"end":{"line":24,"column":17}},"12":{"start":{"line":23,"column":20},"end":{"line":23,"column":80}},"13":{"start":{"line":25,"column":26},"end":{"line":25,"column":50}},"14":{"start":{"line":26,"column":16},"end":{"line":36,"column":17}},"15":{"start":{"line":27,"column":20},"end":{"line":27,"column":80}},"16":{"start":{"line":29,"column":21},"end":{"line":36,"column":17}},"17":{"start":{"line":32,"column":30},"end":{"line":32,"column":67}},"18":{"start":{"line":33,"column":20},"end":{"line":35,"column":21}},"19":{"start":{"line":34,"column":24},"end":{"line":34,"column":84}},"20":{"start":{"line":38,"column":12},"end":{"line":66,"column":13}},"21":{"start":{"line":39,"column":16},"end":{"line":39,"column":76}},"22":{"start":{"line":43,"column":16},"end":{"line":43,"column":51}},"23":{"start":{"line":44,"column":16},"end":{"line":65,"column":17}},"24":{"start":{"line":45,"column":20},"end":{"line":45,"column":80}},"25":{"start":{"line":48,"column":20},"end":{"line":64,"column":21}},"26":{"start":{"line":49,"column":24},"end":{"line":63,"column":25}},"27":{"start":{"line":50,"column":38},"end":{"line":50,"column":77}},"28":{"start":{"line":51,"column":28},"end":{"line":53,"column":29}},"29":{"start":{"line":52,"column":32},"end":{"line":52,"column":92}},"30":{"start":{"line":55,"column":29},"end":{"line":63,"column":25}},"31":{"start":{"line":56,"column":38},"end":{"line":56,"column":68}},"32":{"start":{"line":57,"column":28},"end":{"line":59,"column":29}},"33":{"start":{"line":58,"column":32},"end":{"line":58,"column":92}},"34":{"start":{"line":62,"column":28},"end":{"line":62,"column":88}},"35":{"start":{"line":67,"column":12},"end":{"line":67,"column":32}},"36":{"start":{"line":72,"column":8},"end":{"line":95,"column":9}},"37":{"start":{"line":73,"column":12},"end":{"line":73,"column":47}},"38":{"start":{"line":75,"column":13},"end":{"line":95,"column":9}},"39":{"start":{"line":76,"column":12},"end":{"line":76,"column":48}},"40":{"start":{"line":78,"column":13},"end":{"line":95,"column":9}},"41":{"start":{"line":79,"column":12},"end":{"line":79,"column":48}},"42":{"start":{"line":81,"column":13},"end":{"line":95,"column":9}},"43":{"start":{"line":82,"column":12},"end":{"line":82,"column":48}},"44":{"start":{"line":84,"column":13},"end":{"line":95,"column":9}},"45":{"start":{"line":85,"column":12},"end":{"line":85,"column":48}},"46":{"start":{"line":87,"column":13},"end":{"line":95,"column":9}},"47":{"start":{"line":88,"column":12},"end":{"line":88,"column":44}},"48":{"start":{"line":90,"column":13},"end":{"line":95,"column":9}},"49":{"start":{"line":91,"column":12},"end":{"line":91,"column":46}},"50":{"start":{"line":94,"column":12},"end":{"line":94,"column":20}},"51":{"start":{"line":96,"column":8},"end":{"line":96,"column":19}},"52":{"start":{"line":99,"column":8},"end":{"line":121,"column":9}},"53":{"start":{"line":100,"column":12},"end":{"line":100,"column":21}},"54":{"start":{"line":102,"column":13},"end":{"line":121,"column":9}},"55":{"start":{"line":103,"column":12},"end":{"line":103,"column":21}},"56":{"start":{"line":106,"column":12},"end":{"line":119,"column":13}},"57":{"start":{"line":108,"column":16},"end":{"line":108,"column":41}},"58":{"start":{"line":109,"column":16},"end":{"line":111,"column":17}},"59":{"start":{"line":110,"column":20},"end":{"line":110,"column":29}},"60":{"start":{"line":112,"column":16},"end":{"line":118,"column":17}},"61":{"start":{"line":114,"column":20},"end":{"line":114,"column":56}},"62":{"start":{"line":115,"column":20},"end":{"line":117,"column":21}},"63":{"start":{"line":116,"column":24},"end":{"line":116,"column":33}},"64":{"start":{"line":120,"column":12},"end":{"line":120,"column":21}},"65":{"start":{"line":124,"column":8},"end":{"line":136,"column":9}},"66":{"start":{"line":125,"column":12},"end":{"line":125,"column":21}},"67":{"start":{"line":129,"column":12},"end":{"line":129,"column":35}},"68":{"start":{"line":130,"column":12},"end":{"line":135,"column":13}},"69":{"start":{"line":131,"column":16},"end":{"line":131,"column":25}},"70":{"start":{"line":134,"column":16},"end":{"line":134,"column":53}},"71":{"start":{"line":139,"column":8},"end":{"line":160,"column":9}},"72":{"start":{"line":140,"column":12},"end":{"line":140,"column":21}},"73":{"start":{"line":144,"column":12},"end":{"line":144,"column":35}},"74":{"start":{"line":145,"column":12},"end":{"line":159,"column":13}},"75":{"start":{"line":146,"column":16},"end":{"line":146,"column":41}},"76":{"start":{"line":147,"column":16},"end":{"line":147,"column":25}},"77":{"start":{"line":150,"column":16},"end":{"line":158,"column":17}},"78":{"start":{"line":151,"column":20},"end":{"line":151,"column":29}},"79":{"start":{"line":153,"column":21},"end":{"line":158,"column":17}},"80":{"start":{"line":154,"column":20},"end":{"line":154,"column":29}},"81":{"start":{"line":157,"column":20},"end":{"line":157,"column":29}},"82":{"start":{"line":163,"column":8},"end":{"line":188,"column":9}},"83":{"start":{"line":164,"column":12},"end":{"line":164,"column":21}},"84":{"start":{"line":168,"column":12},"end":{"line":168,"column":35}},"85":{"start":{"line":169,"column":12},"end":{"line":186,"column":13}},"86":{"start":{"line":170,"column":16},"end":{"line":170,"column":25}},"87":{"start":{"line":173,"column":16},"end":{"line":178,"column":17}},"88":{"start":{"line":174,"column":20},"end":{"line":174,"column":29}},"89":{"start":{"line":176,"column":21},"end":{"line":178,"column":17}},"90":{"start":{"line":177,"column":20},"end":{"line":177,"column":29}},"91":{"start":{"line":179,"column":16},"end":{"line":185,"column":17}},"92":{"start":{"line":180,"column":20},"end":{"line":184,"column":21}},"93":{"start":{"line":181,"column":24},"end":{"line":183,"column":25}},"94":{"start":{"line":182,"column":28},"end":{"line":182,"column":37}},"95":{"start":{"line":187,"column":12},"end":{"line":187,"column":21}},"96":{"start":{"line":192,"column":8},"end":{"line":192,"column":30}},"97":{"start":{"line":193,"column":8},"end":{"line":195,"column":9}},"98":{"start":{"line":194,"column":12},"end":{"line":194,"column":21}},"99":{"start":{"line":196,"column":8},"end":{"line":204,"column":9}},"100":{"start":{"line":197,"column":12},"end":{"line":197,"column":49}},"101":{"start":{"line":199,"column":13},"end":{"line":204,"column":9}},"102":{"start":{"line":200,"column":12},"end":{"line":200,"column":21}},"103":{"start":{"line":202,"column":13},"end":{"line":204,"column":9}},"104":{"start":{"line":203,"column":12},"end":{"line":203,"column":21}},"105":{"start":{"line":206,"column":8},"end":{"line":206,"column":39}},"106":{"start":{"line":207,"column":8},"end":{"line":211,"column":9}},"107":{"start":{"line":208,"column":12},"end":{"line":210,"column":13}},"108":{"start":{"line":209,"column":16},"end":{"line":209,"column":25}},"109":{"start":{"line":212,"column":8},"end":{"line":216,"column":9}},"110":{"start":{"line":213,"column":12},"end":{"line":215,"column":13}},"111":{"start":{"line":214,"column":16},"end":{"line":214,"column":25}},"112":{"start":{"line":217,"column":8},"end":{"line":217,"column":17}},"113":{"start":{"line":220,"column":8},"end":{"line":236,"column":9}},"114":{"start":{"line":221,"column":12},"end":{"line":221,"column":21}},"115":{"start":{"line":223,"column":13},"end":{"line":236,"column":9}},"116":{"start":{"line":224,"column":12},"end":{"line":224,"column":21}},"117":{"start":{"line":227,"column":12},"end":{"line":234,"column":13}},"118":{"start":{"line":228,"column":16},"end":{"line":233,"column":17}},"119":{"start":{"line":229,"column":20},"end":{"line":229,"column":29}},"120":{"start":{"line":231,"column":21},"end":{"line":233,"column":17}},"121":{"start":{"line":232,"column":20},"end":{"line":232,"column":29}},"122":{"start":{"line":235,"column":12},"end":{"line":235,"column":21}},"123":{"start":{"line":239,"column":8},"end":{"line":249,"column":9}},"124":{"start":{"line":240,"column":12},"end":{"line":240,"column":21}},"125":{"start":{"line":243,"column":12},"end":{"line":248,"column":13}},"126":{"start":{"line":244,"column":16},"end":{"line":244,"column":25}},"127":{"start":{"line":247,"column":16},"end":{"line":247,"column":25}},"128":{"start":{"line":252,"column":0},"end":{"line":252,"column":32}}},"fnMap":{"0":{"name":"(anonymous_0)","decl":{"start":{"line":8,"column":4},"end":{"line":8,"column":5}},"loc":{"start":{"line":8,"column":21},"end":{"line":11,"column":5}},"line":8},"1":{"name":"(anonymous_1)","decl":{"start":{"line":12,"column":4},"end":{"line":12,"column":5}},"loc":{"start":{"line":12,"column":17},"end":{"line":14,"column":5}},"line":12},"2":{"name":"(anonymous_2)","decl":{"start":{"line":15,"column":4},"end":{"line":15,"column":5}},"loc":{"start":{"line":15,"column":20},"end":{"line":69,"column":5}},"line":15},"3":{"name":"(anonymous_3)","decl":{"start":{"line":16,"column":27},"end":{"line":16,"column":28}},"loc":{"start":{"line":16,"column":48},"end":{"line":68,"column":9}},"line":16},"4":{"name":"(anonymous_4)","decl":{"start":{"line":70,"column":4},"end":{"line":70,"column":5}},"loc":{"start":{"line":70,"column":27},"end":{"line":97,"column":5}},"line":70},"5":{"name":"(anonymous_5)","decl":{"start":{"line":98,"column":4},"end":{"line":98,"column":5}},"loc":{"start":{"line":98,"column":25},"end":{"line":122,"column":5}},"line":98},"6":{"name":"(anonymous_6)","decl":{"start":{"line":123,"column":4},"end":{"line":123,"column":5}},"loc":{"start":{"line":123,"column":23},"end":{"line":137,"column":5}},"line":123},"7":{"name":"(anonymous_7)","decl":{"start":{"line":138,"column":4},"end":{"line":138,"column":5}},"loc":{"start":{"line":138,"column":26},"end":{"line":161,"column":5}},"line":138},"8":{"name":"(anonymous_8)","decl":{"start":{"line":162,"column":4},"end":{"line":162,"column":5}},"loc":{"start":{"line":162,"column":22},"end":{"line":189,"column":5}},"line":162},"9":{"name":"(anonymous_9)","decl":{"start":{"line":190,"column":4},"end":{"line":190,"column":5}},"loc":{"start":{"line":190,"column":24},"end":{"line":218,"column":5}},"line":190},"10":{"name":"(anonymous_10)","decl":{"start":{"line":219,"column":4},"end":{"line":219,"column":5}},"loc":{"start":{"line":219,"column":21},"end":{"line":237,"column":5}},"line":219},"11":{"name":"(anonymous_11)","decl":{"start":{"line":238,"column":4},"end":{"line":238,"column":5}},"loc":{"start":{"line":238,"column":20},"end":{"line":250,"column":5}},"line":238}},"branchMap":{"0":{"loc":{"start":{"line":17,"column":12},"end":{"line":19,"column":13}},"type":"if","locations":[{"start":{"line":17,"column":12},"end":{"line":19,"column":13}},{"start":{"line":17,"column":12},"end":{"line":19,"column":13}}],"line":17},"1":{"loc":{"start":{"line":17,"column":16},"end":{"line":17,"column":55}},"type":"binary-expr","locations":[{"start":{"line":17,"column":16},"end":{"line":17,"column":28}},{"start":{"line":17,"column":32},"end":{"line":17,"column":55}}],"line":17},"2":{"loc":{"start":{"line":21,"column":12},"end":{"line":37,"column":13}},"type":"if","locations":[{"start":{"line":21,"column":12},"end":{"line":37,"column":13}},{"start":{"line":21,"column":12},"end":{"line":37,"column":13}}],"line":21},"3":{"loc":{"start":{"line":22,"column":16},"end":{"line":24,"column":17}},"type":"if","locations":[{"start":{"line":22,"column":16},"end":{"line":24,"column":17}},{"start":{"line":22,"column":16},"end":{"line":24,"column":17}}],"line":22},"4":{"loc":{"start":{"line":22,"column":20},"end":{"line":22,"column":81}},"type":"binary-expr","locations":[{"start":{"line":22,"column":20},"end":{"line":22,"column":51}},{"start":{"line":22,"column":55},"end":{"line":22,"column":81}}],"line":22},"5":{"loc":{"start":{"line":26,"column":16},"end":{"line":36,"column":17}},"type":"if","locations":[{"start":{"line":26,"column":16},"end":{"line":36,"column":17}},{"start":{"line":26,"column":16},"end":{"line":36,"column":17}}],"line":26},"6":{"loc":{"start":{"line":29,"column":21},"end":{"line":36,"column":17}},"type":"if","locations":[{"start":{"line":29,"column":21},"end":{"line":36,"column":17}},{"start":{"line":29,"column":21},"end":{"line":36,"column":17}}],"line":29},"7":{"loc":{"start":{"line":33,"column":20},"end":{"line":35,"column":21}},"type":"if","locations":[{"start":{"line":33,"column":20},"end":{"line":35,"column":21}},{"start":{"line":33,"column":20},"end":{"line":35,"column":21}}],"line":33},"8":{"loc":{"start":{"line":38,"column":12},"end":{"line":66,"column":13}},"type":"if","locations":[{"start":{"line":38,"column":12},"end":{"line":66,"column":13}},{"start":{"line":38,"column":12},"end":{"line":66,"column":13}}],"line":38},"9":{"loc":{"start":{"line":38,"column":16},"end":{"line":38,"column":67}},"type":"binary-expr","locations":[{"start":{"line":38,"column":16},"end":{"line":38,"column":30}},{"start":{"line":38,"column":34},"end":{"line":38,"column":67}}],"line":38},"10":{"loc":{"start":{"line":44,"column":16},"end":{"line":65,"column":17}},"type":"if","locations":[{"start":{"line":44,"column":16},"end":{"line":65,"column":17}},{"start":{"line":44,"column":16},"end":{"line":65,"column":17}}],"line":44},"11":{"loc":{"start":{"line":49,"column":24},"end":{"line":63,"column":25}},"type":"if","locations":[{"start":{"line":49,"column":24},"end":{"line":63,"column":25}},{"start":{"line":49,"column":24},"end":{"line":63,"column":25}}],"line":49},"12":{"loc":{"start":{"line":51,"column":28},"end":{"line":53,"column":29}},"type":"if","locations":[{"start":{"line":51,"column":28},"end":{"line":53,"column":29}},{"start":{"line":51,"column":28},"end":{"line":53,"column":29}}],"line":51},"13":{"loc":{"start":{"line":55,"column":29},"end":{"line":63,"column":25}},"type":"if","locations":[{"start":{"line":55,"column":29},"end":{"line":63,"column":25}},{"start":{"line":55,"column":29},"end":{"line":63,"column":25}}],"line":55},"14":{"loc":{"start":{"line":57,"column":28},"end":{"line":59,"column":29}},"type":"if","locations":[{"start":{"line":57,"column":28},"end":{"line":59,"column":29}},{"start":{"line":57,"column":28},"end":{"line":59,"column":29}}],"line":57},"15":{"loc":{"start":{"line":72,"column":8},"end":{"line":95,"column":9}},"type":"if","locations":[{"start":{"line":72,"column":8},"end":{"line":95,"column":9}},{"start":{"line":72,"column":8},"end":{"line":95,"column":9}}],"line":72},"16":{"loc":{"start":{"line":75,"column":13},"end":{"line":95,"column":9}},"type":"if","locations":[{"start":{"line":75,"column":13},"end":{"line":95,"column":9}},{"start":{"line":75,"column":13},"end":{"line":95,"column":9}}],"line":75},"17":{"loc":{"start":{"line":78,"column":13},"end":{"line":95,"column":9}},"type":"if","locations":[{"start":{"line":78,"column":13},"end":{"line":95,"column":9}},{"start":{"line":78,"column":13},"end":{"line":95,"column":9}}],"line":78},"18":{"loc":{"start":{"line":81,"column":13},"end":{"line":95,"column":9}},"type":"if","locations":[{"start":{"line":81,"column":13},"end":{"line":95,"column":9}},{"start":{"line":81,"column":13},"end":{"line":95,"column":9}}],"line":81},"19":{"loc":{"start":{"line":84,"column":13},"end":{"line":95,"column":9}},"type":"if","locations":[{"start":{"line":84,"column":13},"end":{"line":95,"column":9}},{"start":{"line":84,"column":13},"end":{"line":95,"column":9}}],"line":84},"20":{"loc":{"start":{"line":87,"column":13},"end":{"line":95,"column":9}},"type":"if","locations":[{"start":{"line":87,"column":13},"end":{"line":95,"column":9}},{"start":{"line":87,"column":13},"end":{"line":95,"column":9}}],"line":87},"21":{"loc":{"start":{"line":90,"column":13},"end":{"line":95,"column":9}},"type":"if","locations":[{"start":{"line":90,"column":13},"end":{"line":95,"column":9}},{"start":{"line":90,"column":13},"end":{"line":95,"column":9}}],"line":90},"22":{"loc":{"start":{"line":99,"column":8},"end":{"line":121,"column":9}},"type":"if","locations":[{"start":{"line":99,"column":8},"end":{"line":121,"column":9}},{"start":{"line":99,"column":8},"end":{"line":121,"column":9}}],"line":99},"23":{"loc":{"start":{"line":102,"column":13},"end":{"line":121,"column":9}},"type":"if","locations":[{"start":{"line":102,"column":13},"end":{"line":121,"column":9}},{"start":{"line":102,"column":13},"end":{"line":121,"column":9}}],"line":102},"24":{"loc":{"start":{"line":109,"column":16},"end":{"line":111,"column":17}},"type":"if","locations":[{"start":{"line":109,"column":16},"end":{"line":111,"column":17}},{"start":{"line":109,"column":16},"end":{"line":111,"column":17}}],"line":109},"25":{"loc":{"start":{"line":115,"column":20},"end":{"line":117,"column":21}},"type":"if","locations":[{"start":{"line":115,"column":20},"end":{"line":117,"column":21}},{"start":{"line":115,"column":20},"end":{"line":117,"column":21}}],"line":115},"26":{"loc":{"start":{"line":124,"column":8},"end":{"line":136,"column":9}},"type":"if","locations":[{"start":{"line":124,"column":8},"end":{"line":136,"column":9}},{"start":{"line":124,"column":8},"end":{"line":136,"column":9}}],"line":124},"27":{"loc":{"start":{"line":130,"column":12},"end":{"line":135,"column":13}},"type":"if","locations":[{"start":{"line":130,"column":12},"end":{"line":135,"column":13}},{"start":{"line":130,"column":12},"end":{"line":135,"column":13}}],"line":130},"28":{"loc":{"start":{"line":139,"column":8},"end":{"line":160,"column":9}},"type":"if","locations":[{"start":{"line":139,"column":8},"end":{"line":160,"column":9}},{"start":{"line":139,"column":8},"end":{"line":160,"column":9}}],"line":139},"29":{"loc":{"start":{"line":145,"column":12},"end":{"line":159,"column":13}},"type":"if","locations":[{"start":{"line":145,"column":12},"end":{"line":159,"column":13}},{"start":{"line":145,"column":12},"end":{"line":159,"column":13}}],"line":145},"30":{"loc":{"start":{"line":150,"column":16},"end":{"line":158,"column":17}},"type":"if","locations":[{"start":{"line":150,"column":16},"end":{"line":158,"column":17}},{"start":{"line":150,"column":16},"end":{"line":158,"column":17}}],"line":150},"31":{"loc":{"start":{"line":153,"column":21},"end":{"line":158,"column":17}},"type":"if","locations":[{"start":{"line":153,"column":21},"end":{"line":158,"column":17}},{"start":{"line":153,"column":21},"end":{"line":158,"column":17}}],"line":153},"32":{"loc":{"start":{"line":163,"column":8},"end":{"line":188,"column":9}},"type":"if","locations":[{"start":{"line":163,"column":8},"end":{"line":188,"column":9}},{"start":{"line":163,"column":8},"end":{"line":188,"column":9}}],"line":163},"33":{"loc":{"start":{"line":169,"column":12},"end":{"line":186,"column":13}},"type":"if","locations":[{"start":{"line":169,"column":12},"end":{"line":186,"column":13}},{"start":{"line":169,"column":12},"end":{"line":186,"column":13}}],"line":169},"34":{"loc":{"start":{"line":173,"column":16},"end":{"line":178,"column":17}},"type":"if","locations":[{"start":{"line":173,"column":16},"end":{"line":178,"column":17}},{"start":{"line":173,"column":16},"end":{"line":178,"column":17}}],"line":173},"35":{"loc":{"start":{"line":176,"column":21},"end":{"line":178,"column":17}},"type":"if","locations":[{"start":{"line":176,"column":21},"end":{"line":178,"column":17}},{"start":{"line":176,"column":21},"end":{"line":178,"column":17}}],"line":176},"36":{"loc":{"start":{"line":179,"column":16},"end":{"line":185,"column":17}},"type":"if","locations":[{"start":{"line":179,"column":16},"end":{"line":185,"column":17}},{"start":{"line":179,"column":16},"end":{"line":185,"column":17}}],"line":179},"37":{"loc":{"start":{"line":180,"column":20},"end":{"line":184,"column":21}},"type":"if","locations":[{"start":{"line":180,"column":20},"end":{"line":184,"column":21}},{"start":{"line":180,"column":20},"end":{"line":184,"column":21}}],"line":180},"38":{"loc":{"start":{"line":181,"column":24},"end":{"line":183,"column":25}},"type":"if","locations":[{"start":{"line":181,"column":24},"end":{"line":183,"column":25}},{"start":{"line":181,"column":24},"end":{"line":183,"column":25}}],"line":181},"39":{"loc":{"start":{"line":193,"column":8},"end":{"line":195,"column":9}},"type":"if","locations":[{"start":{"line":193,"column":8},"end":{"line":195,"column":9}},{"start":{"line":193,"column":8},"end":{"line":195,"column":9}}],"line":193},"40":{"loc":{"start":{"line":196,"column":8},"end":{"line":204,"column":9}},"type":"if","locations":[{"start":{"line":196,"column":8},"end":{"line":204,"column":9}},{"start":{"line":196,"column":8},"end":{"line":204,"column":9}}],"line":196},"41":{"loc":{"start":{"line":199,"column":13},"end":{"line":204,"column":9}},"type":"if","locations":[{"start":{"line":199,"column":13},"end":{"line":204,"column":9}},{"start":{"line":199,"column":13},"end":{"line":204,"column":9}}],"line":199},"42":{"loc":{"start":{"line":202,"column":13},"end":{"line":204,"column":9}},"type":"if","locations":[{"start":{"line":202,"column":13},"end":{"line":204,"column":9}},{"start":{"line":202,"column":13},"end":{"line":204,"column":9}}],"line":202},"43":{"loc":{"start":{"line":207,"column":8},"end":{"line":211,"column":9}},"type":"if","locations":[{"start":{"line":207,"column":8},"end":{"line":211,"column":9}},{"start":{"line":207,"column":8},"end":{"line":211,"column":9}}],"line":207},"44":{"loc":{"start":{"line":208,"column":12},"end":{"line":210,"column":13}},"type":"if","locations":[{"start":{"line":208,"column":12},"end":{"line":210,"column":13}},{"start":{"line":208,"column":12},"end":{"line":210,"column":13}}],"line":208},"45":{"loc":{"start":{"line":208,"column":16},"end":{"line":208,"column":117}},"type":"binary-expr","locations":[{"start":{"line":208,"column":16},"end":{"line":208,"column":32}},{"start":{"line":208,"column":36},"end":{"line":208,"column":50}},{"start":{"line":208,"column":54},"end":{"line":208,"column":70}},{"start":{"line":208,"column":74},"end":{"line":208,"column":96}},{"start":{"line":208,"column":100},"end":{"line":208,"column":117}}],"line":208},"46":{"loc":{"start":{"line":212,"column":8},"end":{"line":216,"column":9}},"type":"if","locations":[{"start":{"line":212,"column":8},"end":{"line":216,"column":9}},{"start":{"line":212,"column":8},"end":{"line":216,"column":9}}],"line":212},"47":{"loc":{"start":{"line":213,"column":12},"end":{"line":215,"column":13}},"type":"if","locations":[{"start":{"line":213,"column":12},"end":{"line":215,"column":13}},{"start":{"line":213,"column":12},"end":{"line":215,"column":13}}],"line":213},"48":{"loc":{"start":{"line":213,"column":16},"end":{"line":213,"column":112}},"type":"binary-expr","locations":[{"start":{"line":213,"column":16},"end":{"line":
[...]
30,"21":630},"b":{"0":[1,1,1],"1":[0,1],"2":[1,1],"3":[3460,3672],"4":[4,7128],"5":[7132,4],"6":[20,0],"7":[4,16],"8":[4,16],"9":[4,16],"10":[4,4,4],"11":[1480,0],"12":[296,1184],"13":[296,1184],"14":[296,1184],"15":[106195,113946],"16":[73,220016],"17":[220089,73],"18":[365,0],"19":[73,292],"20":[73,292],"21":[73,292],"22":[73,292],"23":[73,73,73,73],"24":[3150,0],"25":[630,2520],"26":[630,2520],"27":[630,2520],"28":[630,2520],"29":[630,0]},"inputSourceMap":{"version":3,"file":"/Users/iriss/Desktop/310/project_team122/src/controller/TableHelper.ts","sources":["/Users/iriss/Desktop/310/project_team122/src/controller/TableHelper.ts"],"names":[],"mappings":";;;;;;AAAA,6CAA4C;AAC5C,gDAAwB;AAExB,MAAa,aAAa;IAClB,MAAM,CAAC,SAAS,CAAC,KAAU;QACjC,IAAI,KAAK,GAAU,EAAE,CAAC;QAEtB,IAAI,KAAK,KAAK,SAAS,EAAE;YACxB,OAAO,KAAK,CAAC;SACb;aAAM;YACN,KAAK,IAAI,IAAI,IAAI,KAAK,EAAE;gBACvB,IAAI,IAAI,CAAC,QAAQ,KAAK,OAAO,IAAI,IAAI,CAAC,WAAW,CAAC,IAAI,CAAC,EAAE;oBACxD,KAAK,CAAC,IAAI,CAAC,IAAI,CAAC,CAAC;iBACjB;qBAAM;oBACN,KAAK,GAAG,KAAK,CAAC,MAAM,CAAC,IAAI,CAAC,SAAS,CAAC,IAAI,CAAC,UAAU,CAAC,CAAC,CAAC;iBACtD;aACD;YACD,OAAO,KAAK,CAAC;SACb;IACF,CAAC;IAEM,MAAM,CAAC,WAAW,CAAC,KAAU;QACnC,IAAI,EAAE,GAAY,KAAK,CAAC;QACxB,IAAI,EAAE,GAAY,KAAK,CAAC;QACxB,IAAI,EAAE,GAAY,KAAK,CAAC;QACxB,IAAI,EAAE,GAAG,KAAK,CAAC,UAAU,CAAC,MAAM,CAAC,CAAC,GAAQ,EAAE,EAAE,CAAC,GAAG,CAAC,QAAQ,KAAK,IAAI,CAAC,CAAC,CAAC,CAAC,CAAC;QACzE,KAAK,IAAI,EAAE,IAAI,EAAE,CAAC,UAAU,CAAC,MAAM,CAAC,CAAC,MAAW,EAAE,EAAE,CAAC,MAAM,CAAC,QAAQ,KAAK,IAAI,CAAC,EAAE;YAC/E,IAAI,EAAE,CAAC,KAAK,CAAC,CAAC,CAAC,CAAC,IAAI,KAAK,OAAO,EAAE;gBACjC,MAAM,KAAK,GAAG,EAAE,CAAC,KAAK,CAAC,CAAC,CAAC,CAAC,KAAK,CAAC;gBAChC,IAAI,KAAK,KAAK,6CAA6C,EAAE;oBAC5D,EAAE,GAAG,IAAI,CAAC;iBACV;gBACD,IAAI,KAAK,KAAK,+BAA+B,EAAE;oBAC9C,EAAE,GAAG,IAAI,CAAC;iBACV;gBACD,IAAI,KAAK,KAAK,gDAAgD,EAAE;oBAC/D,EAAE,GAAG,IAAI,CAAC;iBACV;aACD;SACD;QACD,OAAO,CAAC,EAAE,IAAI,EAAE,IAAI,EAAE,CAAC,CAAC;IACzB,CAAC;IAEM,MAAM,CAAC,OAAO,CAAC,KAAU,EAAE,GAAqB;QACtD,IAAI,IAAI,GAAG,KAAK,CAAC,CAAC,CAAC,CAAC,UAAU,CAAC,MAAM,CAAC,CAAC,GAAQ,EAAE,EAAE,CAAC,GAAG,CAAC,QAAQ,KAAK,IAAI,CAAC,CAAC;QAC3E,KAAK,IAAI,EAAE,IAAI,IAAI,EAAE;YACpB,IAAI,IAAI,GAAW,EAAE,CAAC;YACtB,IAAI,IAAI,GAAW,EAAE,CAAC;YACtB,IAAI,QAAQ,GAAW,EAAE,CAAC;YAC1B,IAAI,OAAO,GAAW,EAAE,CAAC;YACzB,KAAK,IAAI,EAAE,IAAI,EAAE,CAAC,UAAU,CAAC,MAAM,CAAC,CAAC,MAAW,EAAE,EAAE,CAAC,MAAM,CAAC,QAAQ,KAAK,IAAI,CAAC,EAAE;gBAC/E,IAAI,EAAE,CAAC,KAAK,CAAC,CAAC,CAAC,CAAC,IAAI,KAAK,OAAO,EAAE;oBACjC,MAAM,KAAK,GAAG,EAAE,CAAC,KAAK,CAAC,CAAC,CAAC,CAAC,KAAK,CAAC;oBAChC,IAAI,KAAK,KAAK,6CAA6C,EAAE;wBAC5D,IAAI,GAAG,EAAE,CAAC,UAAU,CAAC,CAAC,CAAC,CAAC,KAAK,CAAC,IAAI,EAAE,CAAC;qBACrC;oBACD,IAAI,KAAK,KAAK,+BAA+B,EAAE;wBAC9C,IAAI,GAAG,EAAE,CAAC,UAAU,CAAC,CAAC,CAAC,CAAC,KAAK,CAAC,CAAC,CAAC,CAAC,KAAK,CAAC;wBACvC,QAAQ,GAAG,EAAE,CAAC,UAAU,CAAC,CAAC,CAAC,CAAC,UAAU,CAAC,CAAC,CAAC,CAAC,KAAK,CAAC,IAAI,EAAE,CAAC;qBACvD;oBACD,IAAI,KAAK,KAAK,gDAAgD,EAAE;wBAC/D,OAAO,GAAG,EAAE,CAAC,UAAU,CAAC,CAAC,CAAC,CAAC,KAAK,CAAC,IAAI,EAAE,CAAC;qBACxC;iBACD;aACD;YACD,IAAI,CAAC,GAAG,IAAI,qBAAQ,CAAC,QAAQ,EAAE,IAAI,EAAE,OAAO,EAAE,CAAC,EAAE,CAAC,EAAE,IAAI,CAAC,CAAC;YAC1D,GAAG,CAAC,GAAG,CAAC,IAAI,EAAE,CAAC,CAAC,CAAC;SACjB;QACD,OAAO,GAAG,CAAC;IACZ,CAAC;IAEM,MAAM,CAAC,WAAW,CAAC,SAAc;QACvC,OAAO,IAAI,OAAO,CAAC,CAAC,OAAO,EAAE,MAAM,EAAE,EAAE;YACtC,KAAK,IAAI,QAAQ,IAAI,SAAS,EAAC;gBAC9B,IAAI,MAAM,GAAG,kBAAkB,CAAC,QAAQ,CAAC,OAAO,CAAC,CAAC;gBAClD,IAAI,IAAI,GAAG,+DAA+D,GAAG,MAAM,CAAC;gBAGpF,cAAI,CAAC,GAAG,CAAC,IAAI,EAAE,CAAC,GAAG,EAAE,EAAE;oBACtB,GAAG,CAAC,WAAW,CAAC,MAAM,CAAC,CAAC;oBACxB,IAAI,OAAO,GAAG,EAAE,CAAC;oBACjB,GAAG,CAAC,EAAE,CAAC,MAAM,EAAE,CAAC,KAAK,EAAE,EAAE;wBACxB,OAAO,IAAI,KAAK,CAAC;oBAClB,CAAC,CAAC,CAAC;oBACH,GAAG,CAAC,EAAE,CAAC,KAAK,EAAE,GAAG,EAAE;wBAClB,IAAI;4BACH,MAAM,UAAU,GAAG,IAAI,CAAC,KAAK,CAAC,OAAO,CAAC,CAAC;4BACvC,QAAQ,CAAC,GAAG,GAAG,UAAU,CAAC,GAAG,CAAC;4BAC9B,QAAQ,CAAC,GAAG,GAAG,UAAU,CAAC,GAAG,CAAC;yBAC9B;wBAAC,OAAO,CAAC,EAAE;4BACX,OAAO,CAAC,KAAK,CAAC,CAAC,CAAC,CAAC;yBACjB;oBACF,CAAC,CAAC,CAAC;gBACJ,CAAC,CAAC,CAAC,EAAE,CAAC,OAAO,EAAE,CAAC,CAAC,EAAE,EAAE;oBACpB,OAAO,CAAC,KAAK,CAAC,cAAc,CAAC,CAAC,OAAO,EAAE,CAAC,CAAC;gBAC1C,CAAC,CAAC,CAAC;aACH;YACD,OAAO,OAAO,CAAE,SAAS,CAAC,CAAC;QAC5B,CAAC,CAAC,CAAC;IACJ,CAAC;CACD;AAjGD,sCAiGC;AAED,MAAa,SAAS;IACd,MAAM,CAAC,SAAS,CAAC,KAAU;QACjC,IAAI,KAAK,GAAU,EAAE,CAAC;QAEtB,IAAI,KAAK,KAAK,SAAS,EAAE;YACxB,OAAO,KAAK,CAAC;SACb;aAAM;YACN,KAAK,IAAI,IAAI,IAAI,KAAK,EAAE;gBACvB,IAAI,IAAI,CAAC,QAAQ,KAAK,OAAO,IAAI,IAAI,CAAC,WAAW,CAAC,IAAI,CAAC,EAAE;oBACxD,KAAK,CAAC,IAAI,CAAC,IAAI,CAAC,CAAC;iBACjB;qBAAM;oBACN,KAAK,GAAG,KAAK,CAAC,MAAM,CAAC,IAAI,CAAC,SAAS,CAAC,IAAI,CAAC,UAAU,CAAC,CAAC,CAAC;iBACtD;aACD;YACD,OAAO,KAAK,CAAC;SACb;IACF,CAAC;IAEM,MAAM,CAAC,WAAW,CAAC,KAAU;QACnC,IAAI,EAAE,GAAY,KAAK,CAAC;QACxB,IAAI,EAAE,GAAY,KAAK,CAAC;QACxB,IAAI,EAAE,GAAY,KAAK,CAAC;QACxB,IAAI,EAAE,GAAY,KAAK,CAAC;QACxB,IAAI,EAAE,GAAG,KAAK,CAAC,UAAU,CAAC,MAAM,CAAC,CAAC,GAAQ,EAAE,EAAE,CAAC,GAAG,CAAC,QAAQ,KAAK,IAAI,CAAC,CAAC,CAAC,CAAC,CAAC;QACzE,KAAK,IAAI,EAAE,IAAI,EAAE,CAAC,UAAU,CAAC,MAAM,CAAC,CAAC,MAAW,EAAE,EAAE,CAAC,MAAM,CAAC,QAAQ,KAAK,IAAI,CAAC,EAAE;YAC/E,IAAI,EAAE,CAAC,KAAK,CAAC,CAAC,CAAC,CAAC,IAAI,KAAK,OAAO,EAAE;gBACjC,MAAM,KAAK,GAAG,EAAE,CAAC,KAAK,CAAC,CAAC,CAAC,CAAC,KAAK,CAAC;gBAChC,IAAI,KAAK,KAAK,2CAA2C,EAAE;oBAC1D,EAAE,GAAG,IAAI,CAAC;iBACV;gBACD,IAAI,KAAK,KAAK,6CAA6C,EAAE;oBAC5D,EAAE,GAAG,IAAI,CAAC;iBACV;gBACD,IAAI,KAAK,KAAK,8CAA8C,EAAE;oBAC7D,EAAE,GAAG,IAAI,CAAC;iBACV;gBACD,IAAI,KAAK,KAAK,yCAAyC,EAAE;oBACxD,EAAE,GAAG,IAAI,CAAC;iBACV;aACD;SACD;QACD,OAAO,CAAC,EAAE,IAAI,EAAE,IAAI,EAAE,IAAI,EAAE,CAAC,CAAC;IAC/B,CAAC;IAEM,MAAM,CAAC,OAAO,CAAC,GAAoB,EAAE,KAAU,EAAE,QAAgB;QACvE,IAAI,IAAI,GAAG,KAAK,CAAC,CAAC,CAAC,CAAC,UAAU,CAAC,MAAM,CAAC,CAAC,GAAQ,EAAE,EAAE,CAAC,GAAG,CAAC,QAAQ,KAAK,IAAI,CAAC,CAAC;QAC3E,IAAI;YACH,KAAK,IAAI,EAAE,IAAI,IAAI,EAAE;gBACpB,IAAI,IAAI,GAAG,IAAI,iBAAI,CAAC,EAAE,EAAC,EAAE,EAAC,EAAE,EAAC,CAAC,EAAC,CAAC,EAAC,EAAE,EAAC,EAAE,EACrC,EAAE,EAAC,CAAC,EAAC,EAAE,EAAC,EAAE,CAAC,CAAC;gBACb,KAAK,IAAI,EAAE,IAAI,EAAE,CAAC,UAAU,CAAC,MAAM,CAAC,CAAC,MAAW,EAAE,EAAE,CAAC,MAAM,CAAC,QAAQ,KAAK,IAAI,CAAC,EAAE;oBAC/E,IAAI,EAAE,CAAC,KAAK,CAAC,CAAC,CAAC,CAAC,IAAI,KAAK,OAAO,EAAE;wBACjC,MAAM,KAAK,GAAG,EAAE,CAAC,KAAK,CAAC,CAAC,CAAC,CAAC,KAAK,CAAC;wBAChC,IAAI,KAAK,KAAK,2CAA2C,EAAE;4BAC1D,IAAI,CAAC,MAAM,GAAG,EAAE,CAAC,UAAU,CAAC,CAAC,CAAC,CAAC,UAAU,CAAC,CAAC,CAAC,CAAC,KAAK,CAAC,IAAI,EAAE,CAAC;4BAC1D,IAAI,CAAC,IAAI,GAAG,EAAE,CAAC,UAAU,CAAC,CAAC,CAAC,CAAC,KAAK,CAAC,CAAC,CAAC,CAAC,KAAK,CAAC;yBAC5C;wBACD,IAAI,KAAK,KAAK,6CAA6C,EAAE;4BAC5D,IAAI,CAAC,KAAK,GAAG,MAAM,CAAC,EAAE,CAAC,UAAU,CAAC,CAAC,CAAC,CAAC,KAAK,CAAC,IAAI,EAAE,CAAC,CAAC;yBACnD;wBACD,IAAI,KAAK,KAAK,8CAA8C,EAAE;4BAC7D,IAAI,CAAC,SAAS,GAAG,EAAE,CAAC,UAAU,CAAC,CAAC,CAAC,CAAC,KAAK,CAAC,IAAI,EAAE,CAAC;yBAC/C;wBACD,IAAI,KAAK,KAAK,yCAAyC,EAAE;4BACxD,IAAI,CAAC,IAAI,GAAG,EAAE,CAAC,UAAU,CAAC,CAAC,CAAC,CAAC,KAAK,CAAC,IAAI,EAAE,CAAC;yBAC1C;qBACD;iBACD;gBACD,IAAI,IAAI,GAAG,CAAC,IAAI,CAAC,WAAW,CAAC,IAAI,CAAC,IAAI,CAAC,CAAC,CAAC;gBACzC,IAAI,QAAQ,GAAG,GAAG,CAAC,GAAG,CAAC,IAAI,CAAC,CAAC;gBAC7B,IAAI,CAAC,SAAS,GAAG,QAAQ,CAAC,SAAS,CAAC;gBACpC,IAAI,CAAC,GAAG,GAAG,QAAQ,CAAC,GAAG,CAAC;gBACxB,IAAI,CAAC,GAAG,GAAG,QAAQ,CAAC,GAAG,CAAC;gBACxB,IAAI,CAAC,QAAQ,GAAG,QAAQ,CAAC,QAAQ,CAAC;gBAClC,IAAI,CAAC,OAAO,GAAG,QAAQ,CAAC,OAAO,CAAC;gBAChC,IAAI,CAAC,IAAI,GAAG,IAAI,CAAC,SAAS,GAAG,GAAG,GAAG,IAAI,CAAC,MAAM,CAAC;gBAC/C,QAAQ,CAAC,IAAI,CAAC,IAAI,CAAC,CAAC;aACpB;SACD;QAAC,OAAO,CAAC,EAAE;SAEX;QACD,OAAO,QAAQ,CAAC;IACjB,CAAC;IAEM,MAAM,CAAC,WAAW,CAAC,IAAS;QAClC,IAAI,QAAQ,GAAW,EAAE,CAAC;QAE1B,MAAM,KAAK,GAAG,yBAAyB,CAAC;QACxC,MAAM,KAAK,GAAG,IAAI,CAAC,KAAK,CAAC,KAAK,CAAC,CAAC;QAChC,IAAI,KAAK,KAAK,IAAI,EAAE;YACnB,QAAQ,GAAG,KAAK,CAAC,CAAC,CAAC,CAAC,KAAK,CAAC,GAAG,CAAC,CAAC,CAAC,CAAC,CAAC;SAClC;QACD,OAAO,QAAQ,CAAC;IACjB,CAAC;CACD;AA9FD,8BA8FC","sourcesContent":["import {Building, Room} from \"./RoomHelper\";\nimport http from \"http\";\n\nexport class BuildingTable{\n\tpublic static findTable(nodes: any): any {\n\t\tlet table: any[] = [];\n\t\t// empty child node\n\t\tif (nodes === undefined) {\n\t\t\treturn table;\n\t\t} else {\n\t\t\tfor (let node of nodes) {\n\t\t\t\tif (node.nodeName === \"tbody\" && this.verifyTable(node)) {\n\t\t\t\t\ttable.push(node);\n\t\t\t\t} else {\n\t\t\t\t\ttable = table.concat(this.findTable(node.childNodes));\n\t\t\t\t}\n\t\t\t}\n\t\t\treturn table;\n\t\t}\n\t}\n\n\tpublic static verifyTable(table: any): boolean {\n\t\tlet c1: boolean = false;\n\t\tlet c2: boolean = false;\n\t\tlet c3: boolean = false;\n\t\tlet tr = table.childNodes.filter((row: any) => row.nodeName === \"tr\")[0];\n\t\tfor (let td of tr.childNodes.filter((column: any) => column.nodeName === \"td\")) {\n\t\t\tif (td.attrs[0].name === \"class\") {\n\t\t\t\tconst value = td.attrs[0].value;\n\t\t\t\tif (value === \"views-field views-field-field-building-code\") {\n\t\t\t\t\tc1 = true;\n\t\t\t\t}\n\t\t\t\tif (value === \"views-field views-field-title\") {\n\t\t\t\t\tc2 = true;\n\t\t\t\t}\n\t\t\t\tif (value === \"views-field views-field-field-building-address\") {\n\t\t\t\t\tc3 = true;\n\t\t\t\t}\n\t\t\t}\n\t\t}\n\t\treturn (c1 && c2 && c3);\n\t}\n\n\tpublic static getInfo(table: any, Map: Map<string, any>): Map<string, any> {\n\t\tlet rows = table[0].childNodes.filter((row: any) => row.nodeName === \"tr\");\n\t\tfor (let tr of rows) {\n\t\t\tlet code: string = \"\";\n\t\t\tlet href: string = \"\";\n\t\t\tlet building: string = \"\";\n\t\t\tlet address: string = \"\";\n\t\t\tfor (let td of tr.childNodes.filter((column: any) => column.nodeName === \"td\")) {\n\t\t\t\tif (td.attrs[0].name === \"class\") {\n\t\t\t\t\tconst value = td.attrs[0].value;\n\t\t\t\t\tif (value === \"views-field views-field-field-building-code\") {\n\t\t\t\t\t\tcode = td.childNodes[0].value.trim();\n\t\t\t\t\t}\n\t\t\t\t\tif (value === \"views-field views-field-title\") {\n\t\t\t\t\t\thref = td.childNodes[1].attrs[0].value;\n\t\t\t\t\t\tbuilding = td.childNodes[1].childNodes[0].value.trim();\n\t\t\t\t\t}\n\t\t\t\t\tif (value === \"views-field views-field-field-building-address\") {\n\t\t\t\t\t\taddress = td.childNodes[0].value.trim();\n\t\t\t\t\t}\n\t\t\t\t}\n\t\t\t}\n\t\t\tlet B = new Building(building, code, address, 0, 0, href);\n\t\t\tMap.set(code, B);\n\t\t}\n\t\treturn Map;\n\t}\n\n\tpublic static buildingGeo(buildings: any): Promise<any> {\n\t\treturn new Promise((resolve, reject) => {\n\t\t\tfor (let building of buildings){\n\t\t\t\tlet encode = encodeURIComponent(building.address);\n\t\t\t\tlet link = \"http://cs310.students.cs.ubc.ca:11316/api/v1/project_team122/\" + encode;\n\t\t\t\t// the http get call back function take reference from website\n\t\t\t\t// reference: https://nodejs.org/api/http.html#httprequesturl-options-callback\n\t\t\t\thttp.get(link, (res) => {\n\t\t\t\t\tres.setEncoding(\"utf8\");\n\t\t\t\t\tlet rawData = \"\";\n\t\t\t\t\tres.on(\"data\", (chunk) => {\n\t\t\t\t\t\trawData += chunk;\n\t\t\t\t\t});\n\t\t\t\t\tres.on(\"end\", () => {\n\t\t\t\t\t\ttry {\n\t\t\t\t\t\t\tconst parsedData = JSON.parse(rawData);\n\t\t\t\t\t\t\tbuilding.lat = parsedData.lat;\n\t\t\t\t\t\t\tbuilding.lon = parsedData.lon;\n\t\t\t\t\t\t} catch (e) {\n\t\t\t\t\t\t\tconsole.error(e);\n\t\t\t\t\t\t}\n\t\t\t\t\t});\n\t\t\t\t}).on(\"error\", (e) => {\n\t\t\t\t\tconsole.error(`Got error: ${e.message}`);\n\t\t\t\t});\n\t\t\t}\n\t\t\treturn resolve (buildings);\n\t\t});\n\t}\n}\n\nexport class RoomTable{\n\tpublic static findTable(nodes: any): any {\n\t\tlet table: any[] = [];\n\t\t// empty child node\n\t\tif (nodes === undefined) {\n\t\t\treturn table;\n\t\t} else {\n\t\t\tfor (let node of nodes) {\n\t\t\t\tif (node.nodeName === \"tbody\" && this.verifyTable(node)) {\n\t\t\t\t\ttable.push(node);\n\t\t\t\t} else {\n\t\t\t\t\ttable = table.concat(this.findTable(node.childNodes));\n\t\t\t\t}\n\t\t\t}\n\t\t\treturn table;\n\t\t}\n\t}\n\n\tpublic static verifyTable(table: any): boolean {\n\t\tlet c1: boolean = false;\n\t\tlet c2: boolean = false;\n\t\tlet c3: boolean = false;\n\t\tlet c4: boolean = false;\n\t\tlet tr = table.childNodes.filter((row: any) => row.nodeName === \"tr\")[0];\n\t\tfor (let td of tr.childNodes.filter((column: any) => column.nodeName === \"td\")) {\n\t\t\tif (td.attrs[0].name === \"class\") {\n\t\t\t\tconst value = td.attrs[0].value;\n\t\t\t\tif (value === \"views-field views-field-field-room-number\") {\n\t\t\t\t\tc1 = true;\n\t\t\t\t}\n\t\t\t\tif (value === \"views-field views-field-field-room-capacity\") {\n\t\t\t\t\tc2 = true;\n\t\t\t\t}\n\t\t\t\tif (value === \"views-field views-field-field-room-furniture\") {\n\t\t\t\t\tc3 = true;\n\t\t\t\t}\n\t\t\t\tif (value === \"views-field views-field-field-room-type\") {\n\t\t\t\t\tc4 = true;\n\t\t\t\t}\n\t\t\t}\n\t\t}\n\t\treturn (c1 && c2 && c3 && c4);\n\t}\n\n\tpublic static getInfo(Map: Map<string,any>, table: any, RoomList: Room[]) {\n\t\tlet rows = table[0].childNodes.filter((row: any) => row.nodeName === \"tr\");\n\t\ttry {\n\t\t\tfor (let tr of rows) {\n\t\t\t\tlet room = new Room(\"\",\"\",\"\",0,0,\"\",\"\",\n\t\t\t\t\t\"\",0,\"\",\"\");\n\t\t\t\tfor (let td of tr.childNodes.filter((column: any) => column.nodeName === \"td\")) {\n\t\t\t\t\tif (td.attrs[0].name === \"class\") {\n\t\t\t\t\t\tconst value = td.attrs[0].value;\n\t\t\t\t\t\tif (value === \"views-field views-field-field-room-number\") {\n\t\t\t\t\t\t\troom.number = td.childNodes[1].childNodes[0].value.trim();\n\t\t\t\t\t\t\troom.href = td.childNodes[1].attrs[0].value;\n\t\t\t\t\t\t}\n\t\t\t\t\t\tif (value === \"views-field views-field-field-room-capacity\") {\n\t\t\t\t\t\t\troom.seats = Number(td.childNodes[0].value.trim());\n\t\t\t\t\t\t}\n\t\t\t\t\t\tif (value === \"views-field views-field-field-room-furniture\") {\n\t\t\t\t\t\t\troom.furniture = td.childNodes[0].value.trim();\n\t\t\t\t\t\t}\n\t\t\t\t\t\tif (value === \"views-field views-field-field-room-type\") {\n\t\t\t\t\t\t\troom.type = td.childNodes[0].value.trim();\n\t\t\t\t\t\t}\n\t\t\t\t\t}\n\t\t\t\t}\n\t\t\t\tlet code = (this.getBuilding(room.href));\n\t\t\t\tlet building = Map.get(code);\n\t\t\t\troom.shortname = building.shortname;\n\t\t\t\troom.lat = building.lat;\n\t\t\t\troom.lon = building.lon;\n\t\t\t\troom.fullname = building.fullname;\n\t\t\t\troom.address = building.address;\n\t\t\t\troom.name = room.shortname + \"_\" + room.number;\n\t\t\t\tRoomList.push(room);\n\t\t\t}\n\t\t} catch (e) {\n\t\t\t//\n\t\t}\n\t\treturn RoomList;\n\t}\n\n\tpublic static getBuilding(href: any): string{\n\t\tlet building: string = \"\";\n\t\t// Extract the building name from the href using regular expressions\n\t\tconst regex = /\\/([A-Z]+-[A-Z]*[0-9]*)/;\n\t\tconst match = href.match(regex);\n\t\tif (match !== null) {\n\t\t\tbuilding = match[1].split(\"-\")[0];\n\t\t}\n\t\treturn building;\n\t}\n}\n\n"]},"_coverageSchema":"1a1c01bbd47fc00a2c39e90264f33305004495a9","hash":"588524b0cdd898c4a2f55ae6bab59cefd9c1e352","contentHash":"24f776f49b3a7ba56d0e6bb752a913cf5478c7c77d22bc86b40115684181aa76"},"/Users/iriss/Desktop/310/project_team122/src/controller/RoomHelper.ts":{"path":"/Users/iriss/Desktop/310/project_team122/src/controller/RoomHelper.ts","statementMap":{"0":{"start":{"line":2,"column":0},"end":{"line":2,"column":62}},"1":{"start":{"line":3,"column":0},"end":{"line":3,"column":41}},"2":{"start":{"line":17,"column":8},"end":{"line":17,"column":33}},"3":{"start":{"line":18,"column":8},"end":{"line":18,"column":35}},"4":{"start":{"line":19,"column":8},"end":{"line":19,"column":31}},"5":{"start":{"line":20,"column":8},"end":{"line":20,"column":23}},"6":{"start":{"line":21,"column":8},"end":{"line":21,"column":23}},"7":{"start":{"line":22,"column":8},"end":{"line":22,"column":25}},"8":{"start":{"line":23,"column":8},"end":{"line":23,"column":29}},"9":{"start":{"line":24,"column":8},"end":{"line":24,"column":25}},"10":{"start":{"line":25,"column":8},"end":{"line":25,"column":30}},"11":{"start":{"line":26,"column":8},"end":{"line":26,"column":27}},"12":{"start":{"line":27,"column":8},"end":{"line":27,"column":25}},"13":{"start":{"line":28,"column":8},"end":{"line":28,"column":35}},"14":{"start":{"line":31,"column":0},"end":{"line":31,"column":20}},"15":{"start":{"line":40,"column":8},"end":{"line":40,"column":33}},"16":{"start":{"line":41,"column":8},"end":{"line":41,"column":35}},"17":{"start":{"line":42,"column":8},"end":{"line":42,"column":31}},"18":{"start":{"line":43,"column":8},"end":{"line":43,"column":23}},"19":{"start":{"line":44,"column":8},"end":{"line":44,"column":23}},"20":{"start":{"line":45,"column":8},"end":{"line":45,"column":25}},"21":{"start":{"line":48,"column":0},"end":{"line":48,"column":28}}},"fnMap":{"0":{"name":"(anonymous_0)","decl":{"start":{"line":16,"column":4},"end":{"line":16,"column":5}},"loc":{"start":{"line":16,"column":100},"end":{"line":29,"column":5}},"line":16},"1":{"name":"(anonymous_1)","decl":{"start":{"line":39,"column":4},"end":{"line":39,"column":5}},"loc":{"start":{"line":39,"column":62},"end":{"line":46,"column":5}},"line":39}},"branchMap":{},"s":{"0":1,"1":1,"2":630,"3":630,"4":630,"5":630,"6":630,"7":630,"8":630,"9":630,"10":630,"11":630,"12":630,"13":630,"14":1,"15":296,"16":296,"17":296,"18":296,"19":296,"20":296,"21":1},"f":{"0":630,"1":296},"b":{},"inputSourceMap":{"version":3,"file":"/Users/iriss/Desktop/310/project_team122/src/controller/RoomHelper.ts","sources":["/Users/iriss/Desktop/310/project_team122/src/controller/RoomHelper.ts"],"names":[],"mappings":";;;AAAA,MAAa,IAAI;IACT,QAAQ,CAAS;IACjB,SAAS,CAAS;IAElB,OAAO,CAAS;IAChB,GAAG,CAAS;IACZ,GAAG,CAAS;IACZ,IAAI,CAAS;IACb,MAAM,CAAS;IACf,IAAI,CAAS;IACb,KAAK,CAAS;IACd,IAAI,CAAS;IACb,SAAS,CAAS;IAEzB,YACC,QAAgB,EAChB,SAAiB,EACjB,OAAe,EACf,GAAW,EACX,GAAW,EACX,IAAY,EACZ,MAAc,EACd,IAAY,EACZ,KAAa,EACb,IAAY,EACZ,SAAiB;QAEjB,IAAI,CAAC,QAAQ,GAAG,QAAQ,CAAC;QACzB,IAAI,CAAC,SAAS,GAAG,SAAS,CAAC;QAC3B,IAAI,CAAC,OAAO,GAAG,OAAO,CAAC;QACvB,IAAI,CAAC,GAAG,GAAG,GAAG,CAAC;QACf,IAAI,CAAC,GAAG,GAAG,GAAG,CAAC;QACf,IAAI,CAAC,IAAI,GAAG,IAAI,CAAC;QACjB,IAAI,CAAC,MAAM,GAAG,MAAM,CAAC;QACrB,IAAI,CAAC,IAAI,GAAG,IAAI,CAAC;QACjB,IAAI,CAAC,SAAS,GAAG,IAAI,CAAC;QACtB,IAAI,CAAC,KAAK,GAAG,KAAK,CAAC;QACnB,IAAI,CAAC,IAAI,GAAG,IAAI,CAAC;QACjB,IAAI,CAAC,SAAS,GAAG,SAAS,CAAC;IAC5B,CAAC;CACD;AAxCD,oBAwCC;AAED,MAAa,QAAQ;IACb,QAAQ,CAAS;IACjB,SAAS,CAAS;IAElB,OAAO,CAAS;IAChB,GAAG,CAAS;IACZ,GAAG,CAAS;IACZ,IAAI,CAAS;IAEpB,YACC,QAAgB,EAChB,SAAiB,EACjB,OAAe,EACf,GAAW,EACX,GAAW,EACX,IAAY;QAEZ,IAAI,CAAC,QAAQ,GAAG,QAAQ,CAAC;QACzB,IAAI,CAAC,SAAS,GAAG,SAAS,CAAC;QAC3B,IAAI,CAAC,OAAO,GAAG,OAAO,CAAC;QACvB,IAAI,CAAC,GAAG,GAAG,GAAG,CAAC;QACf,IAAI,CAAC,GAAG,GAAG,GAAG,CAAC;QACf,IAAI,CAAC,IAAI,GAAG,IAAI,CAAC;IAClB,CAAC;CAGD;AA1BD,4BA0BC","sourcesContent":["export class Room {\n\tpublic fullname: string;\n\tpublic shortname: string;\n\n\tpublic address: string;\n\tpublic lat: number;\n\tpublic lon: number;\n\tpublic href: string;\n\tpublic number: string;\n\tpublic name: string;\n\tpublic seats: number;\n\tpublic type: string;\n\tpublic furniture: string;\n\n\tconstructor(\n\t\tfullname: string,\n\t\tshortname: string,\n\t\taddress: string,\n\t\tlat: number,\n\t\tlon: number,\n\t\thref: string,\n\t\tnumber: string,\n\t\tname: string,\n\t\tseats: number,\n\t\ttype: string,\n\t\tfurniture: string\n\t) {\n\t\tthis.fullname = fullname;\n\t\tthis.shortname = shortname;\n\t\tthis.address = address;\n\t\tthis.lat = lat;\n\t\tthis.lon = lon;\n\t\tthis.href = href;\n\t\tthis.number = number;\n\t\tthis.name = name;\n\t\tthis.furniture = name;\n\t\tthis.seats = seats;\n\t\tthis.type = type;\n\t\tthis.furniture = furniture;\n\t}\n}\n\nexport class Building {\n\tpublic fullname: string;\n\tpublic shortname: string;\n\n\tpublic address: string;\n\tpublic lat: number;\n\tpublic lon: number;\n\tpublic href: string;\n\n\tconstructor(\n\t\tfullname: string,\n\t\tshortname: string,\n\t\taddress: string,\n\t\tlat: number,\n\t\tlon: number,\n\t\thref: string\n\t) {\n\t\tthis.fullname = fullname;\n\t\tthis.shortname = shortname;\n\t\tthis.address = address;\n\t\tthis.lat = lat;\n\t\tthis.lon = lon;\n\t\tthis.href = href;\n\t}\n\n\n}\n\n"]},"_coverageSchema":"1a1c01bbd47fc00a2c39e90264f33305004495a9","hash":"8ff4d1b155b260179efcfaff6ea10667c50193fe","contentHash":"903cb1afda4f7131dffccd5a95f9e84bdff29737aa5ba817d8ed398bc918319d"}}